The system is: Linux - 4.14.3-1.el7.elrepo.x86_64 - x86_64
Compiling the C compiler identification source file "CMakeCCompilerId.c" succeeded.
Compiler: /usr/bin/cc 
Build flags: 
Id flags: 

The output was:
0


Compilation of the C compiler identification source "CMakeCCompilerId.c" produced "a.out"

The C compiler identification is GNU, found in "/data/jun.zhang/impala-udf-samples/CMakeFiles/2.8.12.2/CompilerIdC/a.out"

Compiling the CXX compiler identification source file "CMakeCXXCompilerId.cpp" succeeded.
Compiler: /usr/bin/c++ 
Build flags: 
Id flags: 

The output was:
0


Compilation of the CXX compiler identification source "CMakeCXXCompilerId.cpp" produced "a.out"

The CXX compiler identification is GNU, found in "/data/jun.zhang/impala-udf-samples/CMakeFiles/2.8.12.2/CompilerIdCXX/a.out"

Determining if the C compiler works passed with the following output:
Change Dir: /data/jun.zhang/impala-udf-samples/CMakeFiles/CMakeTmp

Run Build Command:/usr/bin/gmake "cmTryCompileExec3438712689/fast"
/usr/bin/gmake -f CMakeFiles/cmTryCompileExec3438712689.dir/build.make CMakeFiles/cmTryCompileExec3438712689.dir/build
gmake[1]: 进入目录“/data/jun.zhang/impala-udf-samples/CMakeFiles/CMakeTmp”
/usr/bin/cmake -E cmake_progress_report /data/jun.zhang/impala-udf-samples/CMakeFiles/CMakeTmp/CMakeFiles 1
Building C object CMakeFiles/cmTryCompileExec3438712689.dir/testCCompiler.c.o
/usr/bin/cc    -o CMakeFiles/cmTryCompileExec3438712689.dir/testCCompiler.c.o   -c /data/jun.zhang/impala-udf-samples/CMakeFiles/CMakeTmp/testCCompiler.c
Linking C executable cmTryCompileExec3438712689
/usr/bin/cmake -E cmake_link_script CMakeFiles/cmTryCompileExec3438712689.dir/link.txt --verbose=1
/usr/bin/cc       CMakeFiles/cmTryCompileExec3438712689.dir/testCCompiler.c.o  -o cmTryCompileExec3438712689 -rdynamic 
gmake[1]: 离开目录“/data/jun.zhang/impala-udf-samples/CMakeFiles/CMakeTmp”


Detecting C compiler ABI info compiled with the following output:
Change Dir: /data/jun.zhang/impala-udf-samples/CMakeFiles/CMakeTmp

Run Build Command:/usr/bin/gmake "cmTryCompileExec1461530472/fast"
/usr/bin/gmake -f CMakeFiles/cmTryCompileExec1461530472.dir/build.make CMakeFiles/cmTryCompileExec1461530472.dir/build
gmake[1]: 进入目录“/data/jun.zhang/impala-udf-samples/CMakeFiles/CMakeTmp”
/usr/bin/cmake -E cmake_progress_report /data/jun.zhang/impala-udf-samples/CMakeFiles/CMakeTmp/CMakeFiles 1
Building C object CMakeFiles/cmTryCompileExec1461530472.dir/CMakeCCompilerABI.c.o
/usr/bin/cc    -o CMakeFiles/cmTryCompileExec1461530472.dir/CMakeCCompilerABI.c.o   -c /usr/share/cmake/Modules/CMakeCCompilerABI.c
Linking C executable cmTryCompileExec1461530472
/usr/bin/cmake -E cmake_link_script CMakeFiles/cmTryCompileExec1461530472.dir/link.txt --verbose=1
/usr/bin/cc     -v CMakeFiles/cmTryCompileExec1461530472.dir/CMakeCCompilerABI.c.o  -o cmTryCompileExec1461530472 -rdynamic  
使用内建 specs。
COLLECT_GCC=/usr/bin/cc
COLLECT_LTO_WRAPPER=/usr/libexec/gcc/x86_64-redhat-linux/4.8.5/lto-wrapper
目标：x86_64-redhat-linux
配置为：../configure --prefix=/usr --mandir=/usr/share/man --infodir=/usr/share/info --with-bugurl=http://bugzilla.redhat.com/bugzilla --enable-bootstrap --enable-shared --enable-threads=posix --enable-checking=release --with-system-zlib --enable-__cxa_atexit --disable-libunwind-exceptions --enable-gnu-unique-object --enable-linker-build-id --with-linker-hash-style=gnu --enable-languages=c,c++,objc,obj-c++,java,fortran,ada,go,lto --enable-plugin --enable-initfini-array --disable-libgcj --with-isl=/builddir/build/BUILD/gcc-4.8.5-20150702/obj-x86_64-redhat-linux/isl-install --with-cloog=/builddir/build/BUILD/gcc-4.8.5-20150702/obj-x86_64-redhat-linux/cloog-install --enable-gnu-indirect-function --with-tune=generic --with-arch_32=x86-64 --build=x86_64-redhat-linux
线程模型：posix
gcc 版本 4.8.5 20150623 (Red Hat 4.8.5-16) (GCC) 
COMPILER_PATH=/usr/libexec/gcc/x86_64-redhat-linux/4.8.5/:/usr/libexec/gcc/x86_64-redhat-linux/4.8.5/:/usr/libexec/gcc/x86_64-redhat-linux/:/usr/lib/gcc/x86_64-redhat-linux/4.8.5/:/usr/lib/gcc/x86_64-redhat-linux/
LIBRARY_PATH=/usr/lib/gcc/x86_64-redhat-linux/4.8.5/:/usr/lib/gcc/x86_64-redhat-linux/4.8.5/../../../../lib64/:/lib/../lib64/:/usr/lib/../lib64/:/usr/lib/gcc/x86_64-redhat-linux/4.8.5/../../../:/lib/:/usr/lib/
COLLECT_GCC_OPTIONS='-v' '-o' 'cmTryCompileExec1461530472' '-rdynamic' '-mtune=generic' '-march=x86-64'
 /usr/libexec/gcc/x86_64-redhat-linux/4.8.5/collect2 --build-id --no-add-needed --eh-frame-hdr --hash-style=gnu -m elf_x86_64 -export-dynamic -dynamic-linker /lib64/ld-linux-x86-64.so.2 -o cmTryCompileExec1461530472 /usr/lib/gcc/x86_64-redhat-linux/4.8.5/../../../../lib64/crt1.o /usr/lib/gcc/x86_64-redhat-linux/4.8.5/../../../../lib64/crti.o /usr/lib/gcc/x86_64-redhat-linux/4.8.5/crtbegin.o -L/usr/lib/gcc/x86_64-redhat-linux/4.8.5 -L/usr/lib/gcc/x86_64-redhat-linux/4.8.5/../../../../lib64 -L/lib/../lib64 -L/usr/lib/../lib64 -L/usr/lib/gcc/x86_64-redhat-linux/4.8.5/../../.. CMakeFiles/cmTryCompileExec1461530472.dir/CMakeCCompilerABI.c.o -lgcc --as-needed -lgcc_s --no-as-needed -lc -lgcc --as-needed -lgcc_s --no-as-needed /usr/lib/gcc/x86_64-redhat-linux/4.8.5/crtend.o /usr/lib/gcc/x86_64-redhat-linux/4.8.5/../../../../lib64/crtn.o
gmake[1]: 离开目录“/data/jun.zhang/impala-udf-samples/CMakeFiles/CMakeTmp”


Parsed C implicit link information from above output:
  link line regex: [^( *|.*[/\])(ld|([^/\]+-)?ld|collect2)[^/\]*( |$)]
  ignore line: [Change Dir: /data/jun.zhang/impala-udf-samples/CMakeFiles/CMakeTmp]
  ignore line: []
  ignore line: [Run Build Command:/usr/bin/gmake "cmTryCompileExec1461530472/fast"]
  ignore line: [/usr/bin/gmake -f CMakeFiles/cmTryCompileExec1461530472.dir/build.make CMakeFiles/cmTryCompileExec1461530472.dir/build]
  ignore line: [gmake[1]: 进入目录“/data/jun.zhang/impala-udf-samples/CMakeFiles/CMakeTmp”]
  ignore line: [/usr/bin/cmake -E cmake_progress_report /data/jun.zhang/impala-udf-samples/CMakeFiles/CMakeTmp/CMakeFiles 1]
  ignore line: [Building C object CMakeFiles/cmTryCompileExec1461530472.dir/CMakeCCompilerABI.c.o]
  ignore line: [/usr/bin/cc    -o CMakeFiles/cmTryCompileExec1461530472.dir/CMakeCCompilerABI.c.o   -c /usr/share/cmake/Modules/CMakeCCompilerABI.c]
  ignore line: [Linking C executable cmTryCompileExec1461530472]
  ignore line: [/usr/bin/cmake -E cmake_link_script CMakeFiles/cmTryCompileExec1461530472.dir/link.txt --verbose=1]
  ignore line: [/usr/bin/cc     -v CMakeFiles/cmTryCompileExec1461530472.dir/CMakeCCompilerABI.c.o  -o cmTryCompileExec1461530472 -rdynamic  ]
  ignore line: [使用内建 specs。]
  ignore line: [COLLECT_GCC=/usr/bin/cc]
  ignore line: [COLLECT_LTO_WRAPPER=/usr/libexec/gcc/x86_64-redhat-linux/4.8.5/lto-wrapper]
  ignore line: [目标：x86_64-redhat-linux]
  ignore line: [配置为：../configure --prefix=/usr --mandir=/usr/share/man --infodir=/usr/share/info --with-bugurl=http://bugzilla.redhat.com/bugzilla --enable-bootstrap --enable-shared --enable-threads=posix --enable-checking=release --with-system-zlib --enable-__cxa_atexit --disable-libunwind-exceptions --enable-gnu-unique-object --enable-linker-build-id --with-linker-hash-style=gnu --enable-languages=c,c++,objc,obj-c++,java,fortran,ada,go,lto --enable-plugin --enable-initfini-array --disable-libgcj --with-isl=/builddir/build/BUILD/gcc-4.8.5-20150702/obj-x86_64-redhat-linux/isl-install --with-cloog=/builddir/build/BUILD/gcc-4.8.5-20150702/obj-x86_64-redhat-linux/cloog-install --enable-gnu-indirect-function --with-tune=generic --with-arch_32=x86-64 --build=x86_64-redhat-linux]
  ignore line: [线程模型：posix]
  ignore line: [gcc 版本 4.8.5 20150623 (Red Hat 4.8.5-16) (GCC) ]
  ignore line: [COMPILER_PATH=/usr/libexec/gcc/x86_64-redhat-linux/4.8.5/:/usr/libexec/gcc/x86_64-redhat-linux/4.8.5/:/usr/libexec/gcc/x86_64-redhat-linux/:/usr/lib/gcc/x86_64-redhat-linux/4.8.5/:/usr/lib/gcc/x86_64-redhat-linux/]
  ignore line: [LIBRARY_PATH=/usr/lib/gcc/x86_64-redhat-linux/4.8.5/:/usr/lib/gcc/x86_64-redhat-linux/4.8.5/../../../../lib64/:/lib/../lib64/:/usr/lib/../lib64/:/usr/lib/gcc/x86_64-redhat-linux/4.8.5/../../../:/lib/:/usr/lib/]
  ignore line: [COLLECT_GCC_OPTIONS='-v' '-o' 'cmTryCompileExec1461530472' '-rdynamic' '-mtune=generic' '-march=x86-64']
  link line: [ /usr/libexec/gcc/x86_64-redhat-linux/4.8.5/collect2 --build-id --no-add-needed --eh-frame-hdr --hash-style=gnu -m elf_x86_64 -export-dynamic -dynamic-linker /lib64/ld-linux-x86-64.so.2 -o cmTryCompileExec1461530472 /usr/lib/gcc/x86_64-redhat-linux/4.8.5/../../../../lib64/crt1.o /usr/lib/gcc/x86_64-redhat-linux/4.8.5/../../../../lib64/crti.o /usr/lib/gcc/x86_64-redhat-linux/4.8.5/crtbegin.o -L/usr/lib/gcc/x86_64-redhat-linux/4.8.5 -L/usr/lib/gcc/x86_64-redhat-linux/4.8.5/../../../../lib64 -L/lib/../lib64 -L/usr/lib/../lib64 -L/usr/lib/gcc/x86_64-redhat-linux/4.8.5/../../.. CMakeFiles/cmTryCompileExec1461530472.dir/CMakeCCompilerABI.c.o -lgcc --as-needed -lgcc_s --no-as-needed -lc -lgcc --as-needed -lgcc_s --no-as-needed /usr/lib/gcc/x86_64-redhat-linux/4.8.5/crtend.o /usr/lib/gcc/x86_64-redhat-linux/4.8.5/../../../../lib64/crtn.o]
    arg [/usr/libexec/gcc/x86_64-redhat-linux/4.8.5/collect2] ==> ignore
    arg [--build-id] ==> ignore
    arg [--no-add-needed] ==> ignore
    arg [--eh-frame-hdr] ==> ignore
    arg [--hash-style=gnu] ==> ignore
    arg [-m] ==> ignore
    arg [elf_x86_64] ==> ignore
    arg [-export-dynamic] ==> ignore
    arg [-dynamic-linker] ==> ignore
    arg [/lib64/ld-linux-x86-64.so.2] ==> ignore
    arg [-o] ==> ignore
    arg [cmTryCompileExec1461530472] ==> ignore
    arg [/usr/lib/gcc/x86_64-redhat-linux/4.8.5/../../../../lib64/crt1.o] ==> ignore
    arg [/usr/lib/gcc/x86_64-redhat-linux/4.8.5/../../../../lib64/crti.o] ==> ignore
    arg [/usr/lib/gcc/x86_64-redhat-linux/4.8.5/crtbegin.o] ==> ignore
    arg [-L/usr/lib/gcc/x86_64-redhat-linux/4.8.5] ==> dir [/usr/lib/gcc/x86_64-redhat-linux/4.8.5]
    arg [-L/usr/lib/gcc/x86_64-redhat-linux/4.8.5/../../../../lib64] ==> dir [/usr/lib/gcc/x86_64-redhat-linux/4.8.5/../../../../lib64]
    arg [-L/lib/../lib64] ==> dir [/lib/../lib64]
    arg [-L/usr/lib/../lib64] ==> dir [/usr/lib/../lib64]
    arg [-L/usr/lib/gcc/x86_64-redhat-linux/4.8.5/../../..] ==> dir [/usr/lib/gcc/x86_64-redhat-linux/4.8.5/../../..]
    arg [CMakeFiles/cmTryCompileExec1461530472.dir/CMakeCCompilerABI.c.o] ==> ignore
    arg [-lgcc] ==> lib [gcc]
    arg [--as-needed] ==> ignore
    arg [-lgcc_s] ==> lib [gcc_s]
    arg [--no-as-needed] ==> ignore
    arg [-lc] ==> lib [c]
    arg [-lgcc] ==> lib [gcc]
    arg [--as-needed] ==> ignore
    arg [-lgcc_s] ==> lib [gcc_s]
    arg [--no-as-needed] ==> ignore
    arg [/usr/lib/gcc/x86_64-redhat-linux/4.8.5/crtend.o] ==> ignore
    arg [/usr/lib/gcc/x86_64-redhat-linux/4.8.5/../../../../lib64/crtn.o] ==> ignore
  remove lib [gcc]
  remove lib [gcc_s]
  remove lib [gcc]
  remove lib [gcc_s]
  collapse library dir [/usr/lib/gcc/x86_64-redhat-linux/4.8.5] ==> [/usr/lib/gcc/x86_64-redhat-linux/4.8.5]
  collapse library dir [/usr/lib/gcc/x86_64-redhat-linux/4.8.5/../../../../lib64] ==> [/usr/lib64]
  collapse library dir [/lib/../lib64] ==> [/lib64]
  collapse library dir [/usr/lib/../lib64] ==> [/usr/lib64]
  collapse library dir [/usr/lib/gcc/x86_64-redhat-linux/4.8.5/../../..] ==> [/usr/lib]
  implicit libs: [c]
  implicit dirs: [/usr/lib/gcc/x86_64-redhat-linux/4.8.5;/usr/lib64;/lib64;/usr/lib]
  implicit fwks: []


Determining if the CXX compiler works passed with the following output:
Change Dir: /data/jun.zhang/impala-udf-samples/CMakeFiles/CMakeTmp

Run Build Command:/usr/bin/gmake "cmTryCompileExec1206631401/fast"
/usr/bin/gmake -f CMakeFiles/cmTryCompileExec1206631401.dir/build.make CMakeFiles/cmTryCompileExec1206631401.dir/build
gmake[1]: 进入目录“/data/jun.zhang/impala-udf-samples/CMakeFiles/CMakeTmp”
/usr/bin/cmake -E cmake_progress_report /data/jun.zhang/impala-udf-samples/CMakeFiles/CMakeTmp/CMakeFiles 1
Building CXX object CMakeFiles/cmTryCompileExec1206631401.dir/testCXXCompiler.cxx.o
/usr/bin/c++     -o CMakeFiles/cmTryCompileExec1206631401.dir/testCXXCompiler.cxx.o -c /data/jun.zhang/impala-udf-samples/CMakeFiles/CMakeTmp/testCXXCompiler.cxx
Linking CXX executable cmTryCompileExec1206631401
/usr/bin/cmake -E cmake_link_script CMakeFiles/cmTryCompileExec1206631401.dir/link.txt --verbose=1
/usr/bin/c++        CMakeFiles/cmTryCompileExec1206631401.dir/testCXXCompiler.cxx.o  -o cmTryCompileExec1206631401 -rdynamic 
gmake[1]: 离开目录“/data/jun.zhang/impala-udf-samples/CMakeFiles/CMakeTmp”


Detecting CXX compiler ABI info compiled with the following output:
Change Dir: /data/jun.zhang/impala-udf-samples/CMakeFiles/CMakeTmp

Run Build Command:/usr/bin/gmake "cmTryCompileExec3186610753/fast"
/usr/bin/gmake -f CMakeFiles/cmTryCompileExec3186610753.dir/build.make CMakeFiles/cmTryCompileExec3186610753.dir/build
gmake[1]: 进入目录“/data/jun.zhang/impala-udf-samples/CMakeFiles/CMakeTmp”
/usr/bin/cmake -E cmake_progress_report /data/jun.zhang/impala-udf-samples/CMakeFiles/CMakeTmp/CMakeFiles 1
Building CXX object CMakeFiles/cmTryCompileExec3186610753.dir/CMakeCXXCompilerABI.cpp.o
/usr/bin/c++     -o CMakeFiles/cmTryCompileExec3186610753.dir/CMakeCXXCompilerABI.cpp.o -c /usr/share/cmake/Modules/CMakeCXXCompilerABI.cpp
Linking CXX executable cmTryCompileExec3186610753
/usr/bin/cmake -E cmake_link_script CMakeFiles/cmTryCompileExec3186610753.dir/link.txt --verbose=1
/usr/bin/c++      -v CMakeFiles/cmTryCompileExec3186610753.dir/CMakeCXXCompilerABI.cpp.o  -o cmTryCompileExec3186610753 -rdynamic  
使用内建 specs。
COLLECT_GCC=/usr/bin/c++
COLLECT_LTO_WRAPPER=/usr/libexec/gcc/x86_64-redhat-linux/4.8.5/lto-wrapper
目标：x86_64-redhat-linux
配置为：../configure --prefix=/usr --mandir=/usr/share/man --infodir=/usr/share/info --with-bugurl=http://bugzilla.redhat.com/bugzilla --enable-bootstrap --enable-shared --enable-threads=posix --enable-checking=release --with-system-zlib --enable-__cxa_atexit --disable-libunwind-exceptions --enable-gnu-unique-object --enable-linker-build-id --with-linker-hash-style=gnu --enable-languages=c,c++,objc,obj-c++,java,fortran,ada,go,lto --enable-plugin --enable-initfini-array --disable-libgcj --with-isl=/builddir/build/BUILD/gcc-4.8.5-20150702/obj-x86_64-redhat-linux/isl-install --with-cloog=/builddir/build/BUILD/gcc-4.8.5-20150702/obj-x86_64-redhat-linux/cloog-install --enable-gnu-indirect-function --with-tune=generic --with-arch_32=x86-64 --build=x86_64-redhat-linux
线程模型：posix
gcc 版本 4.8.5 20150623 (Red Hat 4.8.5-16) (GCC) 
COMPILER_PATH=/usr/libexec/gcc/x86_64-redhat-linux/4.8.5/:/usr/libexec/gcc/x86_64-redhat-linux/4.8.5/:/usr/libexec/gcc/x86_64-redhat-linux/:/usr/lib/gcc/x86_64-redhat-linux/4.8.5/:/usr/lib/gcc/x86_64-redhat-linux/
LIBRARY_PATH=/usr/lib/gcc/x86_64-redhat-linux/4.8.5/:/usr/lib/gcc/x86_64-redhat-linux/4.8.5/../../../../lib64/:/lib/../lib64/:/usr/lib/../lib64/:/usr/lib/gcc/x86_64-redhat-linux/4.8.5/../../../:/lib/:/usr/lib/
COLLECT_GCC_OPTIONS='-v' '-o' 'cmTryCompileExec3186610753' '-rdynamic' '-shared-libgcc' '-mtune=generic' '-march=x86-64'
 /usr/libexec/gcc/x86_64-redhat-linux/4.8.5/collect2 --build-id --no-add-needed --eh-frame-hdr --hash-style=gnu -m elf_x86_64 -export-dynamic -dynamic-linker /lib64/ld-linux-x86-64.so.2 -o cmTryCompileExec3186610753 /usr/lib/gcc/x86_64-redhat-linux/4.8.5/../../../../lib64/crt1.o /usr/lib/gcc/x86_64-redhat-linux/4.8.5/../../../../lib64/crti.o /usr/lib/gcc/x86_64-redhat-linux/4.8.5/crtbegin.o -L/usr/lib/gcc/x86_64-redhat-linux/4.8.5 -L/usr/lib/gcc/x86_64-redhat-linux/4.8.5/../../../../lib64 -L/lib/../lib64 -L/usr/lib/../lib64 -L/usr/lib/gcc/x86_64-redhat-linux/4.8.5/../../.. CMakeFiles/cmTryCompileExec3186610753.dir/CMakeCXXCompilerABI.cpp.o -lstdc++ -lm -lgcc_s -lgcc -lc -lgcc_s -lgcc /usr/lib/gcc/x86_64-redhat-linux/4.8.5/crtend.o /usr/lib/gcc/x86_64-redhat-linux/4.8.5/../../../../lib64/crtn.o
gmake[1]: 离开目录“/data/jun.zhang/impala-udf-samples/CMakeFiles/CMakeTmp”


Parsed CXX implicit link information from above output:
  link line regex: [^( *|.*[/\])(ld|([^/\]+-)?ld|collect2)[^/\]*( |$)]
  ignore line: [Change Dir: /data/jun.zhang/impala-udf-samples/CMakeFiles/CMakeTmp]
  ignore line: []
  ignore line: [Run Build Command:/usr/bin/gmake "cmTryCompileExec3186610753/fast"]
  ignore line: [/usr/bin/gmake -f CMakeFiles/cmTryCompileExec3186610753.dir/build.make CMakeFiles/cmTryCompileExec3186610753.dir/build]
  ignore line: [gmake[1]: 进入目录“/data/jun.zhang/impala-udf-samples/CMakeFiles/CMakeTmp”]
  ignore line: [/usr/bin/cmake -E cmake_progress_report /data/jun.zhang/impala-udf-samples/CMakeFiles/CMakeTmp/CMakeFiles 1]
  ignore line: [Building CXX object CMakeFiles/cmTryCompileExec3186610753.dir/CMakeCXXCompilerABI.cpp.o]
  ignore line: [/usr/bin/c++     -o CMakeFiles/cmTryCompileExec3186610753.dir/CMakeCXXCompilerABI.cpp.o -c /usr/share/cmake/Modules/CMakeCXXCompilerABI.cpp]
  ignore line: [Linking CXX executable cmTryCompileExec3186610753]
  ignore line: [/usr/bin/cmake -E cmake_link_script CMakeFiles/cmTryCompileExec3186610753.dir/link.txt --verbose=1]
  ignore line: [/usr/bin/c++      -v CMakeFiles/cmTryCompileExec3186610753.dir/CMakeCXXCompilerABI.cpp.o  -o cmTryCompileExec3186610753 -rdynamic  ]
  ignore line: [使用内建 specs。]
  ignore line: [COLLECT_GCC=/usr/bin/c++]
  ignore line: [COLLECT_LTO_WRAPPER=/usr/libexec/gcc/x86_64-redhat-linux/4.8.5/lto-wrapper]
  ignore line: [目标：x86_64-redhat-linux]
  ignore line: [配置为：../configure --prefix=/usr --mandir=/usr/share/man --infodir=/usr/share/info --with-bugurl=http://bugzilla.redhat.com/bugzilla --enable-bootstrap --enable-shared --enable-threads=posix --enable-checking=release --with-system-zlib --enable-__cxa_atexit --disable-libunwind-exceptions --enable-gnu-unique-object --enable-linker-build-id --with-linker-hash-style=gnu --enable-languages=c,c++,objc,obj-c++,java,fortran,ada,go,lto --enable-plugin --enable-initfini-array --disable-libgcj --with-isl=/builddir/build/BUILD/gcc-4.8.5-20150702/obj-x86_64-redhat-linux/isl-install --with-cloog=/builddir/build/BUILD/gcc-4.8.5-20150702/obj-x86_64-redhat-linux/cloog-install --enable-gnu-indirect-function --with-tune=generic --with-arch_32=x86-64 --build=x86_64-redhat-linux]
  ignore line: [线程模型：posix]
  ignore line: [gcc 版本 4.8.5 20150623 (Red Hat 4.8.5-16) (GCC) ]
  ignore line: [COMPILER_PATH=/usr/libexec/gcc/x86_64-redhat-linux/4.8.5/:/usr/libexec/gcc/x86_64-redhat-linux/4.8.5/:/usr/libexec/gcc/x86_64-redhat-linux/:/usr/lib/gcc/x86_64-redhat-linux/4.8.5/:/usr/lib/gcc/x86_64-redhat-linux/]
  ignore line: [LIBRARY_PATH=/usr/lib/gcc/x86_64-redhat-linux/4.8.5/:/usr/lib/gcc/x86_64-redhat-linux/4.8.5/../../../../lib64/:/lib/../lib64/:/usr/lib/../lib64/:/usr/lib/gcc/x86_64-redhat-linux/4.8.5/../../../:/lib/:/usr/lib/]
  ignore line: [COLLECT_GCC_OPTIONS='-v' '-o' 'cmTryCompileExec3186610753' '-rdynamic' '-shared-libgcc' '-mtune=generic' '-march=x86-64']
  link line: [ /usr/libexec/gcc/x86_64-redhat-linux/4.8.5/collect2 --build-id --no-add-needed --eh-frame-hdr --hash-style=gnu -m elf_x86_64 -export-dynamic -dynamic-linker /lib64/ld-linux-x86-64.so.2 -o cmTryCompileExec3186610753 /usr/lib/gcc/x86_64-redhat-linux/4.8.5/../../../../lib64/crt1.o /usr/lib/gcc/x86_64-redhat-linux/4.8.5/../../../../lib64/crti.o /usr/lib/gcc/x86_64-redhat-linux/4.8.5/crtbegin.o -L/usr/lib/gcc/x86_64-redhat-linux/4.8.5 -L/usr/lib/gcc/x86_64-redhat-linux/4.8.5/../../../../lib64 -L/lib/../lib64 -L/usr/lib/../lib64 -L/usr/lib/gcc/x86_64-redhat-linux/4.8.5/../../.. CMakeFiles/cmTryCompileExec3186610753.dir/CMakeCXXCompilerABI.cpp.o -lstdc++ -lm -lgcc_s -lgcc -lc -lgcc_s -lgcc /usr/lib/gcc/x86_64-redhat-linux/4.8.5/crtend.o /usr/lib/gcc/x86_64-redhat-linux/4.8.5/../../../../lib64/crtn.o]
    arg [/usr/libexec/gcc/x86_64-redhat-linux/4.8.5/collect2] ==> ignore
    arg [--build-id] ==> ignore
    arg [--no-add-needed] ==> ignore
    arg [--eh-frame-hdr] ==> ignore
    arg [--hash-style=gnu] ==> ignore
    arg [-m] ==> ignore
    arg [elf_x86_64] ==> ignore
    arg [-export-dynamic] ==> ignore
    arg [-dynamic-linker] ==> ignore
    arg [/lib64/ld-linux-x86-64.so.2] ==> ignore
    arg [-o] ==> ignore
    arg [cmTryCompileExec3186610753] ==> ignore
    arg [/usr/lib/gcc/x86_64-redhat-linux/4.8.5/../../../../lib64/crt1.o] ==> ignore
    arg [/usr/lib/gcc/x86_64-redhat-linux/4.8.5/../../../../lib64/crti.o] ==> ignore
    arg [/usr/lib/gcc/x86_64-redhat-linux/4.8.5/crtbegin.o] ==> ignore
    arg [-L/usr/lib/gcc/x86_64-redhat-linux/4.8.5] ==> dir [/usr/lib/gcc/x86_64-redhat-linux/4.8.5]
    arg [-L/usr/lib/gcc/x86_64-redhat-linux/4.8.5/../../../../lib64] ==> dir [/usr/lib/gcc/x86_64-redhat-linux/4.8.5/../../../../lib64]
    arg [-L/lib/../lib64] ==> dir [/lib/../lib64]
    arg [-L/usr/lib/../lib64] ==> dir [/usr/lib/../lib64]
    arg [-L/usr/lib/gcc/x86_64-redhat-linux/4.8.5/../../..] ==> dir [/usr/lib/gcc/x86_64-redhat-linux/4.8.5/../../..]
    arg [CMakeFiles/cmTryCompileExec3186610753.dir/CMakeCXXCompilerABI.cpp.o] ==> ignore
    arg [-lstdc++] ==> lib [stdc++]
    arg [-lm] ==> lib [m]
    arg [-lgcc_s] ==> lib [gcc_s]
    arg [-lgcc] ==> lib [gcc]
    arg [-lc] ==> lib [c]
    arg [-lgcc_s] ==> lib [gcc_s]
    arg [-lgcc] ==> lib [gcc]
    arg [/usr/lib/gcc/x86_64-redhat-linux/4.8.5/crtend.o] ==> ignore
    arg [/usr/lib/gcc/x86_64-redhat-linux/4.8.5/../../../../lib64/crtn.o] ==> ignore
  remove lib [gcc_s]
  remove lib [gcc]
  remove lib [gcc_s]
  remove lib [gcc]
  collapse library dir [/usr/lib/gcc/x86_64-redhat-linux/4.8.5] ==> [/usr/lib/gcc/x86_64-redhat-linux/4.8.5]
  collapse library dir [/usr/lib/gcc/x86_64-redhat-linux/4.8.5/../../../../lib64] ==> [/usr/lib64]
  collapse library dir [/lib/../lib64] ==> [/lib64]
  collapse library dir [/usr/lib/../lib64] ==> [/usr/lib64]
  collapse library dir [/usr/lib/gcc/x86_64-redhat-linux/4.8.5/../../..] ==> [/usr/lib]
  implicit libs: [stdc++;m;c]
  implicit dirs: [/usr/lib/gcc/x86_64-redhat-linux/4.8.5;/usr/lib64;/lib64;/usr/lib]
  implicit fwks: []


The system is: Linux - 4.14.3-1.el7.elrepo.x86_64 - x86_64
Compiling the C compiler identification source file "CMakeCCompilerId.c" succeeded.
Compiler: /usr/bin/cc 
Build flags: 
Id flags:  

The output was:
0


Compilation of the C compiler identification source "CMakeCCompilerId.c" produced "a.out"

The C compiler identification is GNU, found in "/data/jun.zhang/impala-udf-samples/CMakeFiles/3.8.2/CompilerIdC/a.out"

Compiling the CXX compiler identification source file "CMakeCXXCompilerId.cpp" succeeded.
Compiler: /usr/bin/c++ 
Build flags: 
Id flags:  

The output was:
0


Compilation of the CXX compiler identification source "CMakeCXXCompilerId.cpp" produced "a.out"

The CXX compiler identification is GNU, found in "/data/jun.zhang/impala-udf-samples/CMakeFiles/3.8.2/CompilerIdCXX/a.out"

Determining if the C compiler works passed with the following output:
Change Dir: /data/jun.zhang/impala-udf-samples/CMakeFiles/CMakeTmp

Run Build Command:"/usr/bin/gmake" "cmTC_e1569/fast"
/usr/bin/gmake -f CMakeFiles/cmTC_e1569.dir/build.make CMakeFiles/cmTC_e1569.dir/build
gmake[1]: 进入目录“/data/jun.zhang/impala-udf-samples/CMakeFiles/CMakeTmp”
Building C object CMakeFiles/cmTC_e1569.dir/testCCompiler.c.o
/usr/bin/cc    -o CMakeFiles/cmTC_e1569.dir/testCCompiler.c.o   -c /data/jun.zhang/impala-udf-samples/CMakeFiles/CMakeTmp/testCCompiler.c
Linking C executable cmTC_e1569
/data/jun.zhang/impala-2.11.0-cdh5.14.0/toolchain/cmake-3.8.2-p1/bin/cmake -E cmake_link_script CMakeFiles/cmTC_e1569.dir/link.txt --verbose=1
/usr/bin/cc      -rdynamic CMakeFiles/cmTC_e1569.dir/testCCompiler.c.o  -o cmTC_e1569 
gmake[1]: 离开目录“/data/jun.zhang/impala-udf-samples/CMakeFiles/CMakeTmp”


Detecting C compiler ABI info compiled with the following output:
Change Dir: /data/jun.zhang/impala-udf-samples/CMakeFiles/CMakeTmp

Run Build Command:"/usr/bin/gmake" "cmTC_bcece/fast"
/usr/bin/gmake -f CMakeFiles/cmTC_bcece.dir/build.make CMakeFiles/cmTC_bcece.dir/build
gmake[1]: 进入目录“/data/jun.zhang/impala-udf-samples/CMakeFiles/CMakeTmp”
Building C object CMakeFiles/cmTC_bcece.dir/CMakeCCompilerABI.c.o
/usr/bin/cc    -o CMakeFiles/cmTC_bcece.dir/CMakeCCompilerABI.c.o   -c /data/jun.zhang/impala-2.11.0-cdh5.14.0/toolchain/cmake-3.8.2-p1/share/cmake-3.8/Modules/CMakeCCompilerABI.c
Linking C executable cmTC_bcece
/data/jun.zhang/impala-2.11.0-cdh5.14.0/toolchain/cmake-3.8.2-p1/bin/cmake -E cmake_link_script CMakeFiles/cmTC_bcece.dir/link.txt --verbose=1
/usr/bin/cc     -v -rdynamic CMakeFiles/cmTC_bcece.dir/CMakeCCompilerABI.c.o  -o cmTC_bcece 
使用内建 specs。
COLLECT_GCC=/usr/bin/cc
COLLECT_LTO_WRAPPER=/usr/libexec/gcc/x86_64-redhat-linux/4.8.5/lto-wrapper
目标：x86_64-redhat-linux
配置为：../configure --prefix=/usr --mandir=/usr/share/man --infodir=/usr/share/info --with-bugurl=http://bugzilla.redhat.com/bugzilla --enable-bootstrap --enable-shared --enable-threads=posix --enable-checking=release --with-system-zlib --enable-__cxa_atexit --disable-libunwind-exceptions --enable-gnu-unique-object --enable-linker-build-id --with-linker-hash-style=gnu --enable-languages=c,c++,objc,obj-c++,java,fortran,ada,go,lto --enable-plugin --enable-initfini-array --disable-libgcj --with-isl=/builddir/build/BUILD/gcc-4.8.5-20150702/obj-x86_64-redhat-linux/isl-install --with-cloog=/builddir/build/BUILD/gcc-4.8.5-20150702/obj-x86_64-redhat-linux/cloog-install --enable-gnu-indirect-function --with-tune=generic --with-arch_32=x86-64 --build=x86_64-redhat-linux
线程模型：posix
gcc 版本 4.8.5 20150623 (Red Hat 4.8.5-16) (GCC) 
COMPILER_PATH=/usr/libexec/gcc/x86_64-redhat-linux/4.8.5/:/usr/libexec/gcc/x86_64-redhat-linux/4.8.5/:/usr/libexec/gcc/x86_64-redhat-linux/:/usr/lib/gcc/x86_64-redhat-linux/4.8.5/:/usr/lib/gcc/x86_64-redhat-linux/
LIBRARY_PATH=/usr/lib/gcc/x86_64-redhat-linux/4.8.5/:/usr/lib/gcc/x86_64-redhat-linux/4.8.5/../../../../lib64/:/lib/../lib64/:/usr/lib/../lib64/:/usr/lib/gcc/x86_64-redhat-linux/4.8.5/../../../:/lib/:/usr/lib/
COLLECT_GCC_OPTIONS='-v' '-rdynamic' '-o' 'cmTC_bcece' '-mtune=generic' '-march=x86-64'
 /usr/libexec/gcc/x86_64-redhat-linux/4.8.5/collect2 --build-id --no-add-needed --eh-frame-hdr --hash-style=gnu -m elf_x86_64 -export-dynamic -dynamic-linker /lib64/ld-linux-x86-64.so.2 -o cmTC_bcece /usr/lib/gcc/x86_64-redhat-linux/4.8.5/../../../../lib64/crt1.o /usr/lib/gcc/x86_64-redhat-linux/4.8.5/../../../../lib64/crti.o /usr/lib/gcc/x86_64-redhat-linux/4.8.5/crtbegin.o -L/usr/lib/gcc/x86_64-redhat-linux/4.8.5 -L/usr/lib/gcc/x86_64-redhat-linux/4.8.5/../../../../lib64 -L/lib/../lib64 -L/usr/lib/../lib64 -L/usr/lib/gcc/x86_64-redhat-linux/4.8.5/../../.. CMakeFiles/cmTC_bcece.dir/CMakeCCompilerABI.c.o -lgcc --as-needed -lgcc_s --no-as-needed -lc -lgcc --as-needed -lgcc_s --no-as-needed /usr/lib/gcc/x86_64-redhat-linux/4.8.5/crtend.o /usr/lib/gcc/x86_64-redhat-linux/4.8.5/../../../../lib64/crtn.o
gmake[1]: 离开目录“/data/jun.zhang/impala-udf-samples/CMakeFiles/CMakeTmp”


Parsed C implicit link information from above output:
  link line regex: [^( *|.*[/\])(ld|([^/\]+-)?ld|collect2)[^/\]*( |$)]
  ignore line: [Change Dir: /data/jun.zhang/impala-udf-samples/CMakeFiles/CMakeTmp]
  ignore line: []
  ignore line: [Run Build Command:"/usr/bin/gmake" "cmTC_bcece/fast"]
  ignore line: [/usr/bin/gmake -f CMakeFiles/cmTC_bcece.dir/build.make CMakeFiles/cmTC_bcece.dir/build]
  ignore line: [gmake[1]: 进入目录“/data/jun.zhang/impala-udf-samples/CMakeFiles/CMakeTmp”]
  ignore line: [Building C object CMakeFiles/cmTC_bcece.dir/CMakeCCompilerABI.c.o]
  ignore line: [/usr/bin/cc    -o CMakeFiles/cmTC_bcece.dir/CMakeCCompilerABI.c.o   -c /data/jun.zhang/impala-2.11.0-cdh5.14.0/toolchain/cmake-3.8.2-p1/share/cmake-3.8/Modules/CMakeCCompilerABI.c]
  ignore line: [Linking C executable cmTC_bcece]
  ignore line: [/data/jun.zhang/impala-2.11.0-cdh5.14.0/toolchain/cmake-3.8.2-p1/bin/cmake -E cmake_link_script CMakeFiles/cmTC_bcece.dir/link.txt --verbose=1]
  ignore line: [/usr/bin/cc     -v -rdynamic CMakeFiles/cmTC_bcece.dir/CMakeCCompilerABI.c.o  -o cmTC_bcece ]
  ignore line: [使用内建 specs。]
  ignore line: [COLLECT_GCC=/usr/bin/cc]
  ignore line: [COLLECT_LTO_WRAPPER=/usr/libexec/gcc/x86_64-redhat-linux/4.8.5/lto-wrapper]
  ignore line: [目标：x86_64-redhat-linux]
  ignore line: [配置为：../configure --prefix=/usr --mandir=/usr/share/man --infodir=/usr/share/info --with-bugurl=http://bugzilla.redhat.com/bugzilla --enable-bootstrap --enable-shared --enable-threads=posix --enable-checking=release --with-system-zlib --enable-__cxa_atexit --disable-libunwind-exceptions --enable-gnu-unique-object --enable-linker-build-id --with-linker-hash-style=gnu --enable-languages=c,c++,objc,obj-c++,java,fortran,ada,go,lto --enable-plugin --enable-initfini-array --disable-libgcj --with-isl=/builddir/build/BUILD/gcc-4.8.5-20150702/obj-x86_64-redhat-linux/isl-install --with-cloog=/builddir/build/BUILD/gcc-4.8.5-20150702/obj-x86_64-redhat-linux/cloog-install --enable-gnu-indirect-function --with-tune=generic --with-arch_32=x86-64 --build=x86_64-redhat-linux]
  ignore line: [线程模型：posix]
  ignore line: [gcc 版本 4.8.5 20150623 (Red Hat 4.8.5-16) (GCC) ]
  ignore line: [COMPILER_PATH=/usr/libexec/gcc/x86_64-redhat-linux/4.8.5/:/usr/libexec/gcc/x86_64-redhat-linux/4.8.5/:/usr/libexec/gcc/x86_64-redhat-linux/:/usr/lib/gcc/x86_64-redhat-linux/4.8.5/:/usr/lib/gcc/x86_64-redhat-linux/]
  ignore line: [LIBRARY_PATH=/usr/lib/gcc/x86_64-redhat-linux/4.8.5/:/usr/lib/gcc/x86_64-redhat-linux/4.8.5/../../../../lib64/:/lib/../lib64/:/usr/lib/../lib64/:/usr/lib/gcc/x86_64-redhat-linux/4.8.5/../../../:/lib/:/usr/lib/]
  ignore line: [COLLECT_GCC_OPTIONS='-v' '-rdynamic' '-o' 'cmTC_bcece' '-mtune=generic' '-march=x86-64']
  link line: [ /usr/libexec/gcc/x86_64-redhat-linux/4.8.5/collect2 --build-id --no-add-needed --eh-frame-hdr --hash-style=gnu -m elf_x86_64 -export-dynamic -dynamic-linker /lib64/ld-linux-x86-64.so.2 -o cmTC_bcece /usr/lib/gcc/x86_64-redhat-linux/4.8.5/../../../../lib64/crt1.o /usr/lib/gcc/x86_64-redhat-linux/4.8.5/../../../../lib64/crti.o /usr/lib/gcc/x86_64-redhat-linux/4.8.5/crtbegin.o -L/usr/lib/gcc/x86_64-redhat-linux/4.8.5 -L/usr/lib/gcc/x86_64-redhat-linux/4.8.5/../../../../lib64 -L/lib/../lib64 -L/usr/lib/../lib64 -L/usr/lib/gcc/x86_64-redhat-linux/4.8.5/../../.. CMakeFiles/cmTC_bcece.dir/CMakeCCompilerABI.c.o -lgcc --as-needed -lgcc_s --no-as-needed -lc -lgcc --as-needed -lgcc_s --no-as-needed /usr/lib/gcc/x86_64-redhat-linux/4.8.5/crtend.o /usr/lib/gcc/x86_64-redhat-linux/4.8.5/../../../../lib64/crtn.o]
    arg [/usr/libexec/gcc/x86_64-redhat-linux/4.8.5/collect2] ==> ignore
    arg [--build-id] ==> ignore
    arg [--no-add-needed] ==> ignore
    arg [--eh-frame-hdr] ==> ignore
    arg [--hash-style=gnu] ==> ignore
    arg [-m] ==> ignore
    arg [elf_x86_64] ==> ignore
    arg [-export-dynamic] ==> ignore
    arg [-dynamic-linker] ==> ignore
    arg [/lib64/ld-linux-x86-64.so.2] ==> ignore
    arg [-o] ==> ignore
    arg [cmTC_bcece] ==> ignore
    arg [/usr/lib/gcc/x86_64-redhat-linux/4.8.5/../../../../lib64/crt1.o] ==> ignore
    arg [/usr/lib/gcc/x86_64-redhat-linux/4.8.5/../../../../lib64/crti.o] ==> ignore
    arg [/usr/lib/gcc/x86_64-redhat-linux/4.8.5/crtbegin.o] ==> ignore
    arg [-L/usr/lib/gcc/x86_64-redhat-linux/4.8.5] ==> dir [/usr/lib/gcc/x86_64-redhat-linux/4.8.5]
    arg [-L/usr/lib/gcc/x86_64-redhat-linux/4.8.5/../../../../lib64] ==> dir [/usr/lib/gcc/x86_64-redhat-linux/4.8.5/../../../../lib64]
    arg [-L/lib/../lib64] ==> dir [/lib/../lib64]
    arg [-L/usr/lib/../lib64] ==> dir [/usr/lib/../lib64]
    arg [-L/usr/lib/gcc/x86_64-redhat-linux/4.8.5/../../..] ==> dir [/usr/lib/gcc/x86_64-redhat-linux/4.8.5/../../..]
    arg [CMakeFiles/cmTC_bcece.dir/CMakeCCompilerABI.c.o] ==> ignore
    arg [-lgcc] ==> lib [gcc]
    arg [--as-needed] ==> ignore
    arg [-lgcc_s] ==> lib [gcc_s]
    arg [--no-as-needed] ==> ignore
    arg [-lc] ==> lib [c]
    arg [-lgcc] ==> lib [gcc]
    arg [--as-needed] ==> ignore
    arg [-lgcc_s] ==> lib [gcc_s]
    arg [--no-as-needed] ==> ignore
    arg [/usr/lib/gcc/x86_64-redhat-linux/4.8.5/crtend.o] ==> ignore
    arg [/usr/lib/gcc/x86_64-redhat-linux/4.8.5/../../../../lib64/crtn.o] ==> ignore
  remove lib [gcc]
  remove lib [gcc_s]
  remove lib [gcc]
  remove lib [gcc_s]
  collapse library dir [/usr/lib/gcc/x86_64-redhat-linux/4.8.5] ==> [/usr/lib/gcc/x86_64-redhat-linux/4.8.5]
  collapse library dir [/usr/lib/gcc/x86_64-redhat-linux/4.8.5/../../../../lib64] ==> [/usr/lib64]
  collapse library dir [/lib/../lib64] ==> [/lib64]
  collapse library dir [/usr/lib/../lib64] ==> [/usr/lib64]
  collapse library dir [/usr/lib/gcc/x86_64-redhat-linux/4.8.5/../../..] ==> [/usr/lib]
  implicit libs: [c]
  implicit dirs: [/usr/lib/gcc/x86_64-redhat-linux/4.8.5;/usr/lib64;/lib64;/usr/lib]
  implicit fwks: []




Detecting C [-std=c11] compiler features compiled with the following output:
Change Dir: /data/jun.zhang/impala-udf-samples/CMakeFiles/CMakeTmp

Run Build Command:"/usr/bin/gmake" "cmTC_30f30/fast"
/usr/bin/gmake -f CMakeFiles/cmTC_30f30.dir/build.make CMakeFiles/cmTC_30f30.dir/build
gmake[1]: 进入目录“/data/jun.zhang/impala-udf-samples/CMakeFiles/CMakeTmp”
Building C object CMakeFiles/cmTC_30f30.dir/feature_tests.c.o
/usr/bin/cc   -std=c11 -o CMakeFiles/cmTC_30f30.dir/feature_tests.c.o   -c /data/jun.zhang/impala-udf-samples/CMakeFiles/feature_tests.c
Linking C executable cmTC_30f30
/data/jun.zhang/impala-2.11.0-cdh5.14.0/toolchain/cmake-3.8.2-p1/bin/cmake -E cmake_link_script CMakeFiles/cmTC_30f30.dir/link.txt --verbose=1
/usr/bin/cc      -rdynamic CMakeFiles/cmTC_30f30.dir/feature_tests.c.o  -o cmTC_30f30 
gmake[1]: 离开目录“/data/jun.zhang/impala-udf-samples/CMakeFiles/CMakeTmp”


    Feature record: C_FEATURE:1c_function_prototypes
    Feature record: C_FEATURE:1c_restrict
    Feature record: C_FEATURE:1c_static_assert
    Feature record: C_FEATURE:1c_variadic_macros


Detecting C [-std=c99] compiler features compiled with the following output:
Change Dir: /data/jun.zhang/impala-udf-samples/CMakeFiles/CMakeTmp

Run Build Command:"/usr/bin/gmake" "cmTC_6b739/fast"
/usr/bin/gmake -f CMakeFiles/cmTC_6b739.dir/build.make CMakeFiles/cmTC_6b739.dir/build
gmake[1]: 进入目录“/data/jun.zhang/impala-udf-samples/CMakeFiles/CMakeTmp”
Building C object CMakeFiles/cmTC_6b739.dir/feature_tests.c.o
/usr/bin/cc   -std=c99 -o CMakeFiles/cmTC_6b739.dir/feature_tests.c.o   -c /data/jun.zhang/impala-udf-samples/CMakeFiles/feature_tests.c
Linking C executable cmTC_6b739
/data/jun.zhang/impala-2.11.0-cdh5.14.0/toolchain/cmake-3.8.2-p1/bin/cmake -E cmake_link_script CMakeFiles/cmTC_6b739.dir/link.txt --verbose=1
/usr/bin/cc      -rdynamic CMakeFiles/cmTC_6b739.dir/feature_tests.c.o  -o cmTC_6b739 
gmake[1]: 离开目录“/data/jun.zhang/impala-udf-samples/CMakeFiles/CMakeTmp”


    Feature record: C_FEATURE:1c_function_prototypes
    Feature record: C_FEATURE:1c_restrict
    Feature record: C_FEATURE:0c_static_assert
    Feature record: C_FEATURE:1c_variadic_macros


Detecting C [-std=c90] compiler features compiled with the following output:
Change Dir: /data/jun.zhang/impala-udf-samples/CMakeFiles/CMakeTmp

Run Build Command:"/usr/bin/gmake" "cmTC_d2c10/fast"
/usr/bin/gmake -f CMakeFiles/cmTC_d2c10.dir/build.make CMakeFiles/cmTC_d2c10.dir/build
gmake[1]: 进入目录“/data/jun.zhang/impala-udf-samples/CMakeFiles/CMakeTmp”
Building C object CMakeFiles/cmTC_d2c10.dir/feature_tests.c.o
/usr/bin/cc   -std=c90 -o CMakeFiles/cmTC_d2c10.dir/feature_tests.c.o   -c /data/jun.zhang/impala-udf-samples/CMakeFiles/feature_tests.c
Linking C executable cmTC_d2c10
/data/jun.zhang/impala-2.11.0-cdh5.14.0/toolchain/cmake-3.8.2-p1/bin/cmake -E cmake_link_script CMakeFiles/cmTC_d2c10.dir/link.txt --verbose=1
/usr/bin/cc      -rdynamic CMakeFiles/cmTC_d2c10.dir/feature_tests.c.o  -o cmTC_d2c10 
gmake[1]: 离开目录“/data/jun.zhang/impala-udf-samples/CMakeFiles/CMakeTmp”


    Feature record: C_FEATURE:1c_function_prototypes
    Feature record: C_FEATURE:0c_restrict
    Feature record: C_FEATURE:0c_static_assert
    Feature record: C_FEATURE:0c_variadic_macros
Determining if the CXX compiler works passed with the following output:
Change Dir: /data/jun.zhang/impala-udf-samples/CMakeFiles/CMakeTmp

Run Build Command:"/usr/bin/gmake" "cmTC_97107/fast"
/usr/bin/gmake -f CMakeFiles/cmTC_97107.dir/build.make CMakeFiles/cmTC_97107.dir/build
gmake[1]: 进入目录“/data/jun.zhang/impala-udf-samples/CMakeFiles/CMakeTmp”
Building CXX object CMakeFiles/cmTC_97107.dir/testCXXCompiler.cxx.o
/usr/bin/c++     -o CMakeFiles/cmTC_97107.dir/testCXXCompiler.cxx.o -c /data/jun.zhang/impala-udf-samples/CMakeFiles/CMakeTmp/testCXXCompiler.cxx
Linking CXX executable cmTC_97107
/data/jun.zhang/impala-2.11.0-cdh5.14.0/toolchain/cmake-3.8.2-p1/bin/cmake -E cmake_link_script CMakeFiles/cmTC_97107.dir/link.txt --verbose=1
/usr/bin/c++       -rdynamic CMakeFiles/cmTC_97107.dir/testCXXCompiler.cxx.o  -o cmTC_97107 
gmake[1]: 离开目录“/data/jun.zhang/impala-udf-samples/CMakeFiles/CMakeTmp”


Detecting CXX compiler ABI info compiled with the following output:
Change Dir: /data/jun.zhang/impala-udf-samples/CMakeFiles/CMakeTmp

Run Build Command:"/usr/bin/gmake" "cmTC_0a089/fast"
/usr/bin/gmake -f CMakeFiles/cmTC_0a089.dir/build.make CMakeFiles/cmTC_0a089.dir/build
gmake[1]: 进入目录“/data/jun.zhang/impala-udf-samples/CMakeFiles/CMakeTmp”
Building CXX object CMakeFiles/cmTC_0a089.dir/CMakeCXXCompilerABI.cpp.o
/usr/bin/c++     -o CMakeFiles/cmTC_0a089.dir/CMakeCXXCompilerABI.cpp.o -c /data/jun.zhang/impala-2.11.0-cdh5.14.0/toolchain/cmake-3.8.2-p1/share/cmake-3.8/Modules/CMakeCXXCompilerABI.cpp
Linking CXX executable cmTC_0a089
/data/jun.zhang/impala-2.11.0-cdh5.14.0/toolchain/cmake-3.8.2-p1/bin/cmake -E cmake_link_script CMakeFiles/cmTC_0a089.dir/link.txt --verbose=1
/usr/bin/c++      -v -rdynamic CMakeFiles/cmTC_0a089.dir/CMakeCXXCompilerABI.cpp.o  -o cmTC_0a089 
使用内建 specs。
COLLECT_GCC=/usr/bin/c++
COLLECT_LTO_WRAPPER=/usr/libexec/gcc/x86_64-redhat-linux/4.8.5/lto-wrapper
目标：x86_64-redhat-linux
配置为：../configure --prefix=/usr --mandir=/usr/share/man --infodir=/usr/share/info --with-bugurl=http://bugzilla.redhat.com/bugzilla --enable-bootstrap --enable-shared --enable-threads=posix --enable-checking=release --with-system-zlib --enable-__cxa_atexit --disable-libunwind-exceptions --enable-gnu-unique-object --enable-linker-build-id --with-linker-hash-style=gnu --enable-languages=c,c++,objc,obj-c++,java,fortran,ada,go,lto --enable-plugin --enable-initfini-array --disable-libgcj --with-isl=/builddir/build/BUILD/gcc-4.8.5-20150702/obj-x86_64-redhat-linux/isl-install --with-cloog=/builddir/build/BUILD/gcc-4.8.5-20150702/obj-x86_64-redhat-linux/cloog-install --enable-gnu-indirect-function --with-tune=generic --with-arch_32=x86-64 --build=x86_64-redhat-linux
线程模型：posix
gcc 版本 4.8.5 20150623 (Red Hat 4.8.5-16) (GCC) 
COMPILER_PATH=/usr/libexec/gcc/x86_64-redhat-linux/4.8.5/:/usr/libexec/gcc/x86_64-redhat-linux/4.8.5/:/usr/libexec/gcc/x86_64-redhat-linux/:/usr/lib/gcc/x86_64-redhat-linux/4.8.5/:/usr/lib/gcc/x86_64-redhat-linux/
LIBRARY_PATH=/usr/lib/gcc/x86_64-redhat-linux/4.8.5/:/usr/lib/gcc/x86_64-redhat-linux/4.8.5/../../../../lib64/:/lib/../lib64/:/usr/lib/../lib64/:/usr/lib/gcc/x86_64-redhat-linux/4.8.5/../../../:/lib/:/usr/lib/
COLLECT_GCC_OPTIONS='-v' '-rdynamic' '-o' 'cmTC_0a089' '-shared-libgcc' '-mtune=generic' '-march=x86-64'
 /usr/libexec/gcc/x86_64-redhat-linux/4.8.5/collect2 --build-id --no-add-needed --eh-frame-hdr --hash-style=gnu -m elf_x86_64 -export-dynamic -dynamic-linker /lib64/ld-linux-x86-64.so.2 -o cmTC_0a089 /usr/lib/gcc/x86_64-redhat-linux/4.8.5/../../../../lib64/crt1.o /usr/lib/gcc/x86_64-redhat-linux/4.8.5/../../../../lib64/crti.o /usr/lib/gcc/x86_64-redhat-linux/4.8.5/crtbegin.o -L/usr/lib/gcc/x86_64-redhat-linux/4.8.5 -L/usr/lib/gcc/x86_64-redhat-linux/4.8.5/../../../../lib64 -L/lib/../lib64 -L/usr/lib/../lib64 -L/usr/lib/gcc/x86_64-redhat-linux/4.8.5/../../.. CMakeFiles/cmTC_0a089.dir/CMakeCXXCompilerABI.cpp.o -lstdc++ -lm -lgcc_s -lgcc -lc -lgcc_s -lgcc /usr/lib/gcc/x86_64-redhat-linux/4.8.5/crtend.o /usr/lib/gcc/x86_64-redhat-linux/4.8.5/../../../../lib64/crtn.o
gmake[1]: 离开目录“/data/jun.zhang/impala-udf-samples/CMakeFiles/CMakeTmp”


Parsed CXX implicit link information from above output:
  link line regex: [^( *|.*[/\])(ld|([^/\]+-)?ld|collect2)[^/\]*( |$)]
  ignore line: [Change Dir: /data/jun.zhang/impala-udf-samples/CMakeFiles/CMakeTmp]
  ignore line: []
  ignore line: [Run Build Command:"/usr/bin/gmake" "cmTC_0a089/fast"]
  ignore line: [/usr/bin/gmake -f CMakeFiles/cmTC_0a089.dir/build.make CMakeFiles/cmTC_0a089.dir/build]
  ignore line: [gmake[1]: 进入目录“/data/jun.zhang/impala-udf-samples/CMakeFiles/CMakeTmp”]
  ignore line: [Building CXX object CMakeFiles/cmTC_0a089.dir/CMakeCXXCompilerABI.cpp.o]
  ignore line: [/usr/bin/c++     -o CMakeFiles/cmTC_0a089.dir/CMakeCXXCompilerABI.cpp.o -c /data/jun.zhang/impala-2.11.0-cdh5.14.0/toolchain/cmake-3.8.2-p1/share/cmake-3.8/Modules/CMakeCXXCompilerABI.cpp]
  ignore line: [Linking CXX executable cmTC_0a089]
  ignore line: [/data/jun.zhang/impala-2.11.0-cdh5.14.0/toolchain/cmake-3.8.2-p1/bin/cmake -E cmake_link_script CMakeFiles/cmTC_0a089.dir/link.txt --verbose=1]
  ignore line: [/usr/bin/c++      -v -rdynamic CMakeFiles/cmTC_0a089.dir/CMakeCXXCompilerABI.cpp.o  -o cmTC_0a089 ]
  ignore line: [使用内建 specs。]
  ignore line: [COLLECT_GCC=/usr/bin/c++]
  ignore line: [COLLECT_LTO_WRAPPER=/usr/libexec/gcc/x86_64-redhat-linux/4.8.5/lto-wrapper]
  ignore line: [目标：x86_64-redhat-linux]
  ignore line: [配置为：../configure --prefix=/usr --mandir=/usr/share/man --infodir=/usr/share/info --with-bugurl=http://bugzilla.redhat.com/bugzilla --enable-bootstrap --enable-shared --enable-threads=posix --enable-checking=release --with-system-zlib --enable-__cxa_atexit --disable-libunwind-exceptions --enable-gnu-unique-object --enable-linker-build-id --with-linker-hash-style=gnu --enable-languages=c,c++,objc,obj-c++,java,fortran,ada,go,lto --enable-plugin --enable-initfini-array --disable-libgcj --with-isl=/builddir/build/BUILD/gcc-4.8.5-20150702/obj-x86_64-redhat-linux/isl-install --with-cloog=/builddir/build/BUILD/gcc-4.8.5-20150702/obj-x86_64-redhat-linux/cloog-install --enable-gnu-indirect-function --with-tune=generic --with-arch_32=x86-64 --build=x86_64-redhat-linux]
  ignore line: [线程模型：posix]
  ignore line: [gcc 版本 4.8.5 20150623 (Red Hat 4.8.5-16) (GCC) ]
  ignore line: [COMPILER_PATH=/usr/libexec/gcc/x86_64-redhat-linux/4.8.5/:/usr/libexec/gcc/x86_64-redhat-linux/4.8.5/:/usr/libexec/gcc/x86_64-redhat-linux/:/usr/lib/gcc/x86_64-redhat-linux/4.8.5/:/usr/lib/gcc/x86_64-redhat-linux/]
  ignore line: [LIBRARY_PATH=/usr/lib/gcc/x86_64-redhat-linux/4.8.5/:/usr/lib/gcc/x86_64-redhat-linux/4.8.5/../../../../lib64/:/lib/../lib64/:/usr/lib/../lib64/:/usr/lib/gcc/x86_64-redhat-linux/4.8.5/../../../:/lib/:/usr/lib/]
  ignore line: [COLLECT_GCC_OPTIONS='-v' '-rdynamic' '-o' 'cmTC_0a089' '-shared-libgcc' '-mtune=generic' '-march=x86-64']
  link line: [ /usr/libexec/gcc/x86_64-redhat-linux/4.8.5/collect2 --build-id --no-add-needed --eh-frame-hdr --hash-style=gnu -m elf_x86_64 -export-dynamic -dynamic-linker /lib64/ld-linux-x86-64.so.2 -o cmTC_0a089 /usr/lib/gcc/x86_64-redhat-linux/4.8.5/../../../../lib64/crt1.o /usr/lib/gcc/x86_64-redhat-linux/4.8.5/../../../../lib64/crti.o /usr/lib/gcc/x86_64-redhat-linux/4.8.5/crtbegin.o -L/usr/lib/gcc/x86_64-redhat-linux/4.8.5 -L/usr/lib/gcc/x86_64-redhat-linux/4.8.5/../../../../lib64 -L/lib/../lib64 -L/usr/lib/../lib64 -L/usr/lib/gcc/x86_64-redhat-linux/4.8.5/../../.. CMakeFiles/cmTC_0a089.dir/CMakeCXXCompilerABI.cpp.o -lstdc++ -lm -lgcc_s -lgcc -lc -lgcc_s -lgcc /usr/lib/gcc/x86_64-redhat-linux/4.8.5/crtend.o /usr/lib/gcc/x86_64-redhat-linux/4.8.5/../../../../lib64/crtn.o]
    arg [/usr/libexec/gcc/x86_64-redhat-linux/4.8.5/collect2] ==> ignore
    arg [--build-id] ==> ignore
    arg [--no-add-needed] ==> ignore
    arg [--eh-frame-hdr] ==> ignore
    arg [--hash-style=gnu] ==> ignore
    arg [-m] ==> ignore
    arg [elf_x86_64] ==> ignore
    arg [-export-dynamic] ==> ignore
    arg [-dynamic-linker] ==> ignore
    arg [/lib64/ld-linux-x86-64.so.2] ==> ignore
    arg [-o] ==> ignore
    arg [cmTC_0a089] ==> ignore
    arg [/usr/lib/gcc/x86_64-redhat-linux/4.8.5/../../../../lib64/crt1.o] ==> ignore
    arg [/usr/lib/gcc/x86_64-redhat-linux/4.8.5/../../../../lib64/crti.o] ==> ignore
    arg [/usr/lib/gcc/x86_64-redhat-linux/4.8.5/crtbegin.o] ==> ignore
    arg [-L/usr/lib/gcc/x86_64-redhat-linux/4.8.5] ==> dir [/usr/lib/gcc/x86_64-redhat-linux/4.8.5]
    arg [-L/usr/lib/gcc/x86_64-redhat-linux/4.8.5/../../../../lib64] ==> dir [/usr/lib/gcc/x86_64-redhat-linux/4.8.5/../../../../lib64]
    arg [-L/lib/../lib64] ==> dir [/lib/../lib64]
    arg [-L/usr/lib/../lib64] ==> dir [/usr/lib/../lib64]
    arg [-L/usr/lib/gcc/x86_64-redhat-linux/4.8.5/../../..] ==> dir [/usr/lib/gcc/x86_64-redhat-linux/4.8.5/../../..]
    arg [CMakeFiles/cmTC_0a089.dir/CMakeCXXCompilerABI.cpp.o] ==> ignore
    arg [-lstdc++] ==> lib [stdc++]
    arg [-lm] ==> lib [m]
    arg [-lgcc_s] ==> lib [gcc_s]
    arg [-lgcc] ==> lib [gcc]
    arg [-lc] ==> lib [c]
    arg [-lgcc_s] ==> lib [gcc_s]
    arg [-lgcc] ==> lib [gcc]
    arg [/usr/lib/gcc/x86_64-redhat-linux/4.8.5/crtend.o] ==> ignore
    arg [/usr/lib/gcc/x86_64-redhat-linux/4.8.5/../../../../lib64/crtn.o] ==> ignore
  remove lib [gcc_s]
  remove lib [gcc]
  remove lib [gcc_s]
  remove lib [gcc]
  collapse library dir [/usr/lib/gcc/x86_64-redhat-linux/4.8.5] ==> [/usr/lib/gcc/x86_64-redhat-linux/4.8.5]
  collapse library dir [/usr/lib/gcc/x86_64-redhat-linux/4.8.5/../../../../lib64] ==> [/usr/lib64]
  collapse library dir [/lib/../lib64] ==> [/lib64]
  collapse library dir [/usr/lib/../lib64] ==> [/usr/lib64]
  collapse library dir [/usr/lib/gcc/x86_64-redhat-linux/4.8.5/../../..] ==> [/usr/lib]
  implicit libs: [stdc++;m;c]
  implicit dirs: [/usr/lib/gcc/x86_64-redhat-linux/4.8.5;/usr/lib64;/lib64;/usr/lib]
  implicit fwks: []




Detecting CXX [-std=c++1y] compiler features compiled with the following output:
Change Dir: /data/jun.zhang/impala-udf-samples/CMakeFiles/CMakeTmp

Run Build Command:"/usr/bin/gmake" "cmTC_5e089/fast"
/usr/bin/gmake -f CMakeFiles/cmTC_5e089.dir/build.make CMakeFiles/cmTC_5e089.dir/build
gmake[1]: 进入目录“/data/jun.zhang/impala-udf-samples/CMakeFiles/CMakeTmp”
Building CXX object CMakeFiles/cmTC_5e089.dir/feature_tests.cxx.o
/usr/bin/c++    -std=c++1y -o CMakeFiles/cmTC_5e089.dir/feature_tests.cxx.o -c /data/jun.zhang/impala-udf-samples/CMakeFiles/feature_tests.cxx
Linking CXX executable cmTC_5e089
/data/jun.zhang/impala-2.11.0-cdh5.14.0/toolchain/cmake-3.8.2-p1/bin/cmake -E cmake_link_script CMakeFiles/cmTC_5e089.dir/link.txt --verbose=1
/usr/bin/c++       -rdynamic CMakeFiles/cmTC_5e089.dir/feature_tests.cxx.o  -o cmTC_5e089 
gmake[1]: 离开目录“/data/jun.zhang/impala-udf-samples/CMakeFiles/CMakeTmp”


    Feature record: CXX_FEATURE:0cxx_aggregate_default_initializers
    Feature record: CXX_FEATURE:1cxx_alias_templates
    Feature record: CXX_FEATURE:1cxx_alignas
    Feature record: CXX_FEATURE:1cxx_alignof
    Feature record: CXX_FEATURE:1cxx_attributes
    Feature record: CXX_FEATURE:0cxx_attribute_deprecated
    Feature record: CXX_FEATURE:1cxx_auto_type
    Feature record: CXX_FEATURE:0cxx_binary_literals
    Feature record: CXX_FEATURE:1cxx_constexpr
    Feature record: CXX_FEATURE:0cxx_contextual_conversions
    Feature record: CXX_FEATURE:1cxx_decltype
    Feature record: CXX_FEATURE:0cxx_decltype_auto
    Feature record: CXX_FEATURE:1cxx_decltype_incomplete_return_types
    Feature record: CXX_FEATURE:1cxx_default_function_template_args
    Feature record: CXX_FEATURE:1cxx_defaulted_functions
    Feature record: CXX_FEATURE:1cxx_defaulted_move_initializers
    Feature record: CXX_FEATURE:1cxx_delegating_constructors
    Feature record: CXX_FEATURE:1cxx_deleted_functions
    Feature record: CXX_FEATURE:0cxx_digit_separators
    Feature record: CXX_FEATURE:1cxx_enum_forward_declarations
    Feature record: CXX_FEATURE:1cxx_explicit_conversions
    Feature record: CXX_FEATURE:1cxx_extended_friend_declarations
    Feature record: CXX_FEATURE:1cxx_extern_templates
    Feature record: CXX_FEATURE:1cxx_final
    Feature record: CXX_FEATURE:1cxx_func_identifier
    Feature record: CXX_FEATURE:1cxx_generalized_initializers
    Feature record: CXX_FEATURE:0cxx_generic_lambdas
    Feature record: CXX_FEATURE:1cxx_inheriting_constructors
    Feature record: CXX_FEATURE:1cxx_inline_namespaces
    Feature record: CXX_FEATURE:1cxx_lambdas
    Feature record: CXX_FEATURE:0cxx_lambda_init_captures
    Feature record: CXX_FEATURE:1cxx_local_type_template_args
    Feature record: CXX_FEATURE:1cxx_long_long_type
    Feature record: CXX_FEATURE:1cxx_noexcept
    Feature record: CXX_FEATURE:1cxx_nonstatic_member_init
    Feature record: CXX_FEATURE:1cxx_nullptr
    Feature record: CXX_FEATURE:1cxx_override
    Feature record: CXX_FEATURE:1cxx_range_for
    Feature record: CXX_FEATURE:1cxx_raw_string_literals
    Feature record: CXX_FEATURE:1cxx_reference_qualified_functions
    Feature record: CXX_FEATURE:0cxx_relaxed_constexpr
    Feature record: CXX_FEATURE:0cxx_return_type_deduction
    Feature record: CXX_FEATURE:1cxx_right_angle_brackets
    Feature record: CXX_FEATURE:1cxx_rvalue_references
    Feature record: CXX_FEATURE:1cxx_sizeof_member
    Feature record: CXX_FEATURE:1cxx_static_assert
    Feature record: CXX_FEATURE:1cxx_strong_enums
    Feature record: CXX_FEATURE:1cxx_template_template_parameters
    Feature record: CXX_FEATURE:1cxx_thread_local
    Feature record: CXX_FEATURE:1cxx_trailing_return_types
    Feature record: CXX_FEATURE:1cxx_unicode_literals
    Feature record: CXX_FEATURE:1cxx_uniform_initialization
    Feature record: CXX_FEATURE:1cxx_unrestricted_unions
    Feature record: CXX_FEATURE:1cxx_user_literals
    Feature record: CXX_FEATURE:0cxx_variable_templates
    Feature record: CXX_FEATURE:1cxx_variadic_macros
    Feature record: CXX_FEATURE:1cxx_variadic_templates


Detecting CXX [-std=c++11] compiler features compiled with the following output:
Change Dir: /data/jun.zhang/impala-udf-samples/CMakeFiles/CMakeTmp

Run Build Command:"/usr/bin/gmake" "cmTC_425be/fast"
/usr/bin/gmake -f CMakeFiles/cmTC_425be.dir/build.make CMakeFiles/cmTC_425be.dir/build
gmake[1]: 进入目录“/data/jun.zhang/impala-udf-samples/CMakeFiles/CMakeTmp”
Building CXX object CMakeFiles/cmTC_425be.dir/feature_tests.cxx.o
/usr/bin/c++    -std=c++11 -o CMakeFiles/cmTC_425be.dir/feature_tests.cxx.o -c /data/jun.zhang/impala-udf-samples/CMakeFiles/feature_tests.cxx
Linking CXX executable cmTC_425be
/data/jun.zhang/impala-2.11.0-cdh5.14.0/toolchain/cmake-3.8.2-p1/bin/cmake -E cmake_link_script CMakeFiles/cmTC_425be.dir/link.txt --verbose=1
/usr/bin/c++       -rdynamic CMakeFiles/cmTC_425be.dir/feature_tests.cxx.o  -o cmTC_425be 
gmake[1]: 离开目录“/data/jun.zhang/impala-udf-samples/CMakeFiles/CMakeTmp”


    Feature record: CXX_FEATURE:0cxx_aggregate_default_initializers
    Feature record: CXX_FEATURE:1cxx_alias_templates
    Feature record: CXX_FEATURE:1cxx_alignas
    Feature record: CXX_FEATURE:1cxx_alignof
    Feature record: CXX_FEATURE:1cxx_attributes
    Feature record: CXX_FEATURE:0cxx_attribute_deprecated
    Feature record: CXX_FEATURE:1cxx_auto_type
    Feature record: CXX_FEATURE:0cxx_binary_literals
    Feature record: CXX_FEATURE:1cxx_constexpr
    Feature record: CXX_FEATURE:0cxx_contextual_conversions
    Feature record: CXX_FEATURE:1cxx_decltype
    Feature record: CXX_FEATURE:0cxx_decltype_auto
    Feature record: CXX_FEATURE:1cxx_decltype_incomplete_return_types
    Feature record: CXX_FEATURE:1cxx_default_function_template_args
    Feature record: CXX_FEATURE:1cxx_defaulted_functions
    Feature record: CXX_FEATURE:1cxx_defaulted_move_initializers
    Feature record: CXX_FEATURE:1cxx_delegating_constructors
    Feature record: CXX_FEATURE:1cxx_deleted_functions
    Feature record: CXX_FEATURE:0cxx_digit_separators
    Feature record: CXX_FEATURE:1cxx_enum_forward_declarations
    Feature record: CXX_FEATURE:1cxx_explicit_conversions
    Feature record: CXX_FEATURE:1cxx_extended_friend_declarations
    Feature record: CXX_FEATURE:1cxx_extern_templates
    Feature record: CXX_FEATURE:1cxx_final
    Feature record: CXX_FEATURE:1cxx_func_identifier
    Feature record: CXX_FEATURE:1cxx_generalized_initializers
    Feature record: CXX_FEATURE:0cxx_generic_lambdas
    Feature record: CXX_FEATURE:1cxx_inheriting_constructors
    Feature record: CXX_FEATURE:1cxx_inline_namespaces
    Feature record: CXX_FEATURE:1cxx_lambdas
    Feature record: CXX_FEATURE:0cxx_lambda_init_captures
    Feature record: CXX_FEATURE:1cxx_local_type_template_args
    Feature record: CXX_FEATURE:1cxx_long_long_type
    Feature record: CXX_FEATURE:1cxx_noexcept
    Feature record: CXX_FEATURE:1cxx_nonstatic_member_init
    Feature record: CXX_FEATURE:1cxx_nullptr
    Feature record: CXX_FEATURE:1cxx_override
    Feature record: CXX_FEATURE:1cxx_range_for
    Feature record: CXX_FEATURE:1cxx_raw_string_literals
    Feature record: CXX_FEATURE:1cxx_reference_qualified_functions
    Feature record: CXX_FEATURE:0cxx_relaxed_constexpr
    Feature record: CXX_FEATURE:0cxx_return_type_deduction
    Feature record: CXX_FEATURE:1cxx_right_angle_brackets
    Feature record: CXX_FEATURE:1cxx_rvalue_references
    Feature record: CXX_FEATURE:1cxx_sizeof_member
    Feature record: CXX_FEATURE:1cxx_static_assert
    Feature record: CXX_FEATURE:1cxx_strong_enums
    Feature record: CXX_FEATURE:1cxx_template_template_parameters
    Feature record: CXX_FEATURE:1cxx_thread_local
    Feature record: CXX_FEATURE:1cxx_trailing_return_types
    Feature record: CXX_FEATURE:1cxx_unicode_literals
    Feature record: CXX_FEATURE:1cxx_uniform_initialization
    Feature record: CXX_FEATURE:1cxx_unrestricted_unions
    Feature record: CXX_FEATURE:1cxx_user_literals
    Feature record: CXX_FEATURE:0cxx_variable_templates
    Feature record: CXX_FEATURE:1cxx_variadic_macros
    Feature record: CXX_FEATURE:1cxx_variadic_templates


Detecting CXX [-std=c++98] compiler features compiled with the following output:
Change Dir: /data/jun.zhang/impala-udf-samples/CMakeFiles/CMakeTmp

Run Build Command:"/usr/bin/gmake" "cmTC_89ddb/fast"
/usr/bin/gmake -f CMakeFiles/cmTC_89ddb.dir/build.make CMakeFiles/cmTC_89ddb.dir/build
gmake[1]: 进入目录“/data/jun.zhang/impala-udf-samples/CMakeFiles/CMakeTmp”
Building CXX object CMakeFiles/cmTC_89ddb.dir/feature_tests.cxx.o
/usr/bin/c++    -std=c++98 -o CMakeFiles/cmTC_89ddb.dir/feature_tests.cxx.o -c /data/jun.zhang/impala-udf-samples/CMakeFiles/feature_tests.cxx
Linking CXX executable cmTC_89ddb
/data/jun.zhang/impala-2.11.0-cdh5.14.0/toolchain/cmake-3.8.2-p1/bin/cmake -E cmake_link_script CMakeFiles/cmTC_89ddb.dir/link.txt --verbose=1
/usr/bin/c++       -rdynamic CMakeFiles/cmTC_89ddb.dir/feature_tests.cxx.o  -o cmTC_89ddb 
gmake[1]: 离开目录“/data/jun.zhang/impala-udf-samples/CMakeFiles/CMakeTmp”


    Feature record: CXX_FEATURE:0cxx_aggregate_default_initializers
    Feature record: CXX_FEATURE:0cxx_alias_templates
    Feature record: CXX_FEATURE:0cxx_alignas
    Feature record: CXX_FEATURE:0cxx_alignof
    Feature record: CXX_FEATURE:0cxx_attributes
    Feature record: CXX_FEATURE:0cxx_attribute_deprecated
    Feature record: CXX_FEATURE:0cxx_auto_type
    Feature record: CXX_FEATURE:0cxx_binary_literals
    Feature record: CXX_FEATURE:0cxx_constexpr
    Feature record: CXX_FEATURE:0cxx_contextual_conversions
    Feature record: CXX_FEATURE:0cxx_decltype
    Feature record: CXX_FEATURE:0cxx_decltype_auto
    Feature record: CXX_FEATURE:0cxx_decltype_incomplete_return_types
    Feature record: CXX_FEATURE:0cxx_default_function_template_args
    Feature record: CXX_FEATURE:0cxx_defaulted_functions
    Feature record: CXX_FEATURE:0cxx_defaulted_move_initializers
    Feature record: CXX_FEATURE:0cxx_delegating_constructors
    Feature record: CXX_FEATURE:0cxx_deleted_functions
    Feature record: CXX_FEATURE:0cxx_digit_separators
    Feature record: CXX_FEATURE:0cxx_enum_forward_declarations
    Feature record: CXX_FEATURE:0cxx_explicit_conversions
    Feature record: CXX_FEATURE:0cxx_extended_friend_declarations
    Feature record: CXX_FEATURE:0cxx_extern_templates
    Feature record: CXX_FEATURE:0cxx_final
    Feature record: CXX_FEATURE:0cxx_func_identifier
    Feature record: CXX_FEATURE:0cxx_generalized_initializers
    Feature record: CXX_FEATURE:0cxx_generic_lambdas
    Feature record: CXX_FEATURE:0cxx_inheriting_constructors
    Feature record: CXX_FEATURE:0cxx_inline_namespaces
    Feature record: CXX_FEATURE:0cxx_lambdas
    Feature record: CXX_FEATURE:0cxx_lambda_init_captures
    Feature record: CXX_FEATURE:0cxx_local_type_template_args
    Feature record: CXX_FEATURE:0cxx_long_long_type
    Feature record: CXX_FEATURE:0cxx_noexcept
    Feature record: CXX_FEATURE:0cxx_nonstatic_member_init
    Feature record: CXX_FEATURE:0cxx_nullptr
    Feature record: CXX_FEATURE:0cxx_override
    Feature record: CXX_FEATURE:0cxx_range_for
    Feature record: CXX_FEATURE:0cxx_raw_string_literals
    Feature record: CXX_FEATURE:0cxx_reference_qualified_functions
    Feature record: CXX_FEATURE:0cxx_relaxed_constexpr
    Feature record: CXX_FEATURE:0cxx_return_type_deduction
    Feature record: CXX_FEATURE:0cxx_right_angle_brackets
    Feature record: CXX_FEATURE:0cxx_rvalue_references
    Feature record: CXX_FEATURE:0cxx_sizeof_member
    Feature record: CXX_FEATURE:0cxx_static_assert
    Feature record: CXX_FEATURE:0cxx_strong_enums
    Feature record: CXX_FEATURE:1cxx_template_template_parameters
    Feature record: CXX_FEATURE:0cxx_thread_local
    Feature record: CXX_FEATURE:0cxx_trailing_return_types
    Feature record: CXX_FEATURE:0cxx_unicode_literals
    Feature record: CXX_FEATURE:0cxx_uniform_initialization
    Feature record: CXX_FEATURE:0cxx_unrestricted_unions
    Feature record: CXX_FEATURE:0cxx_user_literals
    Feature record: CXX_FEATURE:0cxx_variable_templates
    Feature record: CXX_FEATURE:0cxx_variadic_macros
    Feature record: CXX_FEATURE:0cxx_variadic_templates
The system is: Linux - 4.14.3-1.el7.elrepo.x86_64 - x86_64
Compiling the C compiler identification source file "CMakeCCompilerId.c" succeeded.
Compiler: /usr/bin/cc 
Build flags: 
Id flags:  

The output was:
0


Compilation of the C compiler identification source "CMakeCCompilerId.c" produced "a.out"

The C compiler identification is GNU, found in "/data/jun.zhang/my-udf/over/impala-udf-samples/CMakeFiles/3.8.2/CompilerIdC/a.out"

Compiling the CXX compiler identification source file "CMakeCXXCompilerId.cpp" succeeded.
Compiler: /usr/bin/c++ 
Build flags: 
Id flags:  

The output was:
0


Compilation of the CXX compiler identification source "CMakeCXXCompilerId.cpp" produced "a.out"

The CXX compiler identification is GNU, found in "/data/jun.zhang/my-udf/over/impala-udf-samples/CMakeFiles/3.8.2/CompilerIdCXX/a.out"

Determining if the C compiler works passed with the following output:
Change Dir: /data/jun.zhang/my-udf/over/impala-udf-samples/CMakeFiles/CMakeTmp

Run Build Command:"/usr/bin/gmake" "cmTC_ae080/fast"
/usr/bin/gmake -f CMakeFiles/cmTC_ae080.dir/build.make CMakeFiles/cmTC_ae080.dir/build
gmake[1]: 进入目录“/data/jun.zhang/my-udf/over/impala-udf-samples/CMakeFiles/CMakeTmp”
Building C object CMakeFiles/cmTC_ae080.dir/testCCompiler.c.o
/usr/bin/cc    -o CMakeFiles/cmTC_ae080.dir/testCCompiler.c.o   -c /data/jun.zhang/my-udf/over/impala-udf-samples/CMakeFiles/CMakeTmp/testCCompiler.c
Linking C executable cmTC_ae080
/data/jun.zhang/impala-2.11.0-cdh5.14.0/toolchain/cmake-3.8.2-p1/bin/cmake -E cmake_link_script CMakeFiles/cmTC_ae080.dir/link.txt --verbose=1
/usr/bin/cc      -rdynamic CMakeFiles/cmTC_ae080.dir/testCCompiler.c.o  -o cmTC_ae080 
gmake[1]: 离开目录“/data/jun.zhang/my-udf/over/impala-udf-samples/CMakeFiles/CMakeTmp”


Detecting C compiler ABI info compiled with the following output:
Change Dir: /data/jun.zhang/my-udf/over/impala-udf-samples/CMakeFiles/CMakeTmp

Run Build Command:"/usr/bin/gmake" "cmTC_f261b/fast"
/usr/bin/gmake -f CMakeFiles/cmTC_f261b.dir/build.make CMakeFiles/cmTC_f261b.dir/build
gmake[1]: 进入目录“/data/jun.zhang/my-udf/over/impala-udf-samples/CMakeFiles/CMakeTmp”
Building C object CMakeFiles/cmTC_f261b.dir/CMakeCCompilerABI.c.o
/usr/bin/cc    -o CMakeFiles/cmTC_f261b.dir/CMakeCCompilerABI.c.o   -c /data/jun.zhang/impala-2.11.0-cdh5.14.0/toolchain/cmake-3.8.2-p1/share/cmake-3.8/Modules/CMakeCCompilerABI.c
Linking C executable cmTC_f261b
/data/jun.zhang/impala-2.11.0-cdh5.14.0/toolchain/cmake-3.8.2-p1/bin/cmake -E cmake_link_script CMakeFiles/cmTC_f261b.dir/link.txt --verbose=1
/usr/bin/cc     -v -rdynamic CMakeFiles/cmTC_f261b.dir/CMakeCCompilerABI.c.o  -o cmTC_f261b 
使用内建 specs。
COLLECT_GCC=/usr/bin/cc
COLLECT_LTO_WRAPPER=/usr/libexec/gcc/x86_64-redhat-linux/4.8.5/lto-wrapper
目标：x86_64-redhat-linux
配置为：../configure --prefix=/usr --mandir=/usr/share/man --infodir=/usr/share/info --with-bugurl=http://bugzilla.redhat.com/bugzilla --enable-bootstrap --enable-shared --enable-threads=posix --enable-checking=release --with-system-zlib --enable-__cxa_atexit --disable-libunwind-exceptions --enable-gnu-unique-object --enable-linker-build-id --with-linker-hash-style=gnu --enable-languages=c,c++,objc,obj-c++,java,fortran,ada,go,lto --enable-plugin --enable-initfini-array --disable-libgcj --with-isl=/builddir/build/BUILD/gcc-4.8.5-20150702/obj-x86_64-redhat-linux/isl-install --with-cloog=/builddir/build/BUILD/gcc-4.8.5-20150702/obj-x86_64-redhat-linux/cloog-install --enable-gnu-indirect-function --with-tune=generic --with-arch_32=x86-64 --build=x86_64-redhat-linux
线程模型：posix
gcc 版本 4.8.5 20150623 (Red Hat 4.8.5-16) (GCC) 
COMPILER_PATH=/usr/libexec/gcc/x86_64-redhat-linux/4.8.5/:/usr/libexec/gcc/x86_64-redhat-linux/4.8.5/:/usr/libexec/gcc/x86_64-redhat-linux/:/usr/lib/gcc/x86_64-redhat-linux/4.8.5/:/usr/lib/gcc/x86_64-redhat-linux/
LIBRARY_PATH=/usr/lib/gcc/x86_64-redhat-linux/4.8.5/:/usr/lib/gcc/x86_64-redhat-linux/4.8.5/../../../../lib64/:/lib/../lib64/:/usr/lib/../lib64/:/usr/lib/gcc/x86_64-redhat-linux/4.8.5/../../../:/lib/:/usr/lib/
COLLECT_GCC_OPTIONS='-v' '-rdynamic' '-o' 'cmTC_f261b' '-mtune=generic' '-march=x86-64'
 /usr/libexec/gcc/x86_64-redhat-linux/4.8.5/collect2 --build-id --no-add-needed --eh-frame-hdr --hash-style=gnu -m elf_x86_64 -export-dynamic -dynamic-linker /lib64/ld-linux-x86-64.so.2 -o cmTC_f261b /usr/lib/gcc/x86_64-redhat-linux/4.8.5/../../../../lib64/crt1.o /usr/lib/gcc/x86_64-redhat-linux/4.8.5/../../../../lib64/crti.o /usr/lib/gcc/x86_64-redhat-linux/4.8.5/crtbegin.o -L/usr/lib/gcc/x86_64-redhat-linux/4.8.5 -L/usr/lib/gcc/x86_64-redhat-linux/4.8.5/../../../../lib64 -L/lib/../lib64 -L/usr/lib/../lib64 -L/usr/lib/gcc/x86_64-redhat-linux/4.8.5/../../.. CMakeFiles/cmTC_f261b.dir/CMakeCCompilerABI.c.o -lgcc --as-needed -lgcc_s --no-as-needed -lc -lgcc --as-needed -lgcc_s --no-as-needed /usr/lib/gcc/x86_64-redhat-linux/4.8.5/crtend.o /usr/lib/gcc/x86_64-redhat-linux/4.8.5/../../../../lib64/crtn.o
gmake[1]: 离开目录“/data/jun.zhang/my-udf/over/impala-udf-samples/CMakeFiles/CMakeTmp”


Parsed C implicit link information from above output:
  link line regex: [^( *|.*[/\])(ld|([^/\]+-)?ld|collect2)[^/\]*( |$)]
  ignore line: [Change Dir: /data/jun.zhang/my-udf/over/impala-udf-samples/CMakeFiles/CMakeTmp]
  ignore line: []
  ignore line: [Run Build Command:"/usr/bin/gmake" "cmTC_f261b/fast"]
  ignore line: [/usr/bin/gmake -f CMakeFiles/cmTC_f261b.dir/build.make CMakeFiles/cmTC_f261b.dir/build]
  ignore line: [gmake[1]: 进入目录“/data/jun.zhang/my-udf/over/impala-udf-samples/CMakeFiles/CMakeTmp”]
  ignore line: [Building C object CMakeFiles/cmTC_f261b.dir/CMakeCCompilerABI.c.o]
  ignore line: [/usr/bin/cc    -o CMakeFiles/cmTC_f261b.dir/CMakeCCompilerABI.c.o   -c /data/jun.zhang/impala-2.11.0-cdh5.14.0/toolchain/cmake-3.8.2-p1/share/cmake-3.8/Modules/CMakeCCompilerABI.c]
  ignore line: [Linking C executable cmTC_f261b]
  ignore line: [/data/jun.zhang/impala-2.11.0-cdh5.14.0/toolchain/cmake-3.8.2-p1/bin/cmake -E cmake_link_script CMakeFiles/cmTC_f261b.dir/link.txt --verbose=1]
  ignore line: [/usr/bin/cc     -v -rdynamic CMakeFiles/cmTC_f261b.dir/CMakeCCompilerABI.c.o  -o cmTC_f261b ]
  ignore line: [使用内建 specs。]
  ignore line: [COLLECT_GCC=/usr/bin/cc]
  ignore line: [COLLECT_LTO_WRAPPER=/usr/libexec/gcc/x86_64-redhat-linux/4.8.5/lto-wrapper]
  ignore line: [目标：x86_64-redhat-linux]
  ignore line: [配置为：../configure --prefix=/usr --mandir=/usr/share/man --infodir=/usr/share/info --with-bugurl=http://bugzilla.redhat.com/bugzilla --enable-bootstrap --enable-shared --enable-threads=posix --enable-checking=release --with-system-zlib --enable-__cxa_atexit --disable-libunwind-exceptions --enable-gnu-unique-object --enable-linker-build-id --with-linker-hash-style=gnu --enable-languages=c,c++,objc,obj-c++,java,fortran,ada,go,lto --enable-plugin --enable-initfini-array --disable-libgcj --with-isl=/builddir/build/BUILD/gcc-4.8.5-20150702/obj-x86_64-redhat-linux/isl-install --with-cloog=/builddir/build/BUILD/gcc-4.8.5-20150702/obj-x86_64-redhat-linux/cloog-install --enable-gnu-indirect-function --with-tune=generic --with-arch_32=x86-64 --build=x86_64-redhat-linux]
  ignore line: [线程模型：posix]
  ignore line: [gcc 版本 4.8.5 20150623 (Red Hat 4.8.5-16) (GCC) ]
  ignore line: [COMPILER_PATH=/usr/libexec/gcc/x86_64-redhat-linux/4.8.5/:/usr/libexec/gcc/x86_64-redhat-linux/4.8.5/:/usr/libexec/gcc/x86_64-redhat-linux/:/usr/lib/gcc/x86_64-redhat-linux/4.8.5/:/usr/lib/gcc/x86_64-redhat-linux/]
  ignore line: [LIBRARY_PATH=/usr/lib/gcc/x86_64-redhat-linux/4.8.5/:/usr/lib/gcc/x86_64-redhat-linux/4.8.5/../../../../lib64/:/lib/../lib64/:/usr/lib/../lib64/:/usr/lib/gcc/x86_64-redhat-linux/4.8.5/../../../:/lib/:/usr/lib/]
  ignore line: [COLLECT_GCC_OPTIONS='-v' '-rdynamic' '-o' 'cmTC_f261b' '-mtune=generic' '-march=x86-64']
  link line: [ /usr/libexec/gcc/x86_64-redhat-linux/4.8.5/collect2 --build-id --no-add-needed --eh-frame-hdr --hash-style=gnu -m elf_x86_64 -export-dynamic -dynamic-linker /lib64/ld-linux-x86-64.so.2 -o cmTC_f261b /usr/lib/gcc/x86_64-redhat-linux/4.8.5/../../../../lib64/crt1.o /usr/lib/gcc/x86_64-redhat-linux/4.8.5/../../../../lib64/crti.o /usr/lib/gcc/x86_64-redhat-linux/4.8.5/crtbegin.o -L/usr/lib/gcc/x86_64-redhat-linux/4.8.5 -L/usr/lib/gcc/x86_64-redhat-linux/4.8.5/../../../../lib64 -L/lib/../lib64 -L/usr/lib/../lib64 -L/usr/lib/gcc/x86_64-redhat-linux/4.8.5/../../.. CMakeFiles/cmTC_f261b.dir/CMakeCCompilerABI.c.o -lgcc --as-needed -lgcc_s --no-as-needed -lc -lgcc --as-needed -lgcc_s --no-as-needed /usr/lib/gcc/x86_64-redhat-linux/4.8.5/crtend.o /usr/lib/gcc/x86_64-redhat-linux/4.8.5/../../../../lib64/crtn.o]
    arg [/usr/libexec/gcc/x86_64-redhat-linux/4.8.5/collect2] ==> ignore
    arg [--build-id] ==> ignore
    arg [--no-add-needed] ==> ignore
    arg [--eh-frame-hdr] ==> ignore
    arg [--hash-style=gnu] ==> ignore
    arg [-m] ==> ignore
    arg [elf_x86_64] ==> ignore
    arg [-export-dynamic] ==> ignore
    arg [-dynamic-linker] ==> ignore
    arg [/lib64/ld-linux-x86-64.so.2] ==> ignore
    arg [-o] ==> ignore
    arg [cmTC_f261b] ==> ignore
    arg [/usr/lib/gcc/x86_64-redhat-linux/4.8.5/../../../../lib64/crt1.o] ==> ignore
    arg [/usr/lib/gcc/x86_64-redhat-linux/4.8.5/../../../../lib64/crti.o] ==> ignore
    arg [/usr/lib/gcc/x86_64-redhat-linux/4.8.5/crtbegin.o] ==> ignore
    arg [-L/usr/lib/gcc/x86_64-redhat-linux/4.8.5] ==> dir [/usr/lib/gcc/x86_64-redhat-linux/4.8.5]
    arg [-L/usr/lib/gcc/x86_64-redhat-linux/4.8.5/../../../../lib64] ==> dir [/usr/lib/gcc/x86_64-redhat-linux/4.8.5/../../../../lib64]
    arg [-L/lib/../lib64] ==> dir [/lib/../lib64]
    arg [-L/usr/lib/../lib64] ==> dir [/usr/lib/../lib64]
    arg [-L/usr/lib/gcc/x86_64-redhat-linux/4.8.5/../../..] ==> dir [/usr/lib/gcc/x86_64-redhat-linux/4.8.5/../../..]
    arg [CMakeFiles/cmTC_f261b.dir/CMakeCCompilerABI.c.o] ==> ignore
    arg [-lgcc] ==> lib [gcc]
    arg [--as-needed] ==> ignore
    arg [-lgcc_s] ==> lib [gcc_s]
    arg [--no-as-needed] ==> ignore
    arg [-lc] ==> lib [c]
    arg [-lgcc] ==> lib [gcc]
    arg [--as-needed] ==> ignore
    arg [-lgcc_s] ==> lib [gcc_s]
    arg [--no-as-needed] ==> ignore
    arg [/usr/lib/gcc/x86_64-redhat-linux/4.8.5/crtend.o] ==> ignore
    arg [/usr/lib/gcc/x86_64-redhat-linux/4.8.5/../../../../lib64/crtn.o] ==> ignore
  remove lib [gcc]
  remove lib [gcc_s]
  remove lib [gcc]
  remove lib [gcc_s]
  collapse library dir [/usr/lib/gcc/x86_64-redhat-linux/4.8.5] ==> [/usr/lib/gcc/x86_64-redhat-linux/4.8.5]
  collapse library dir [/usr/lib/gcc/x86_64-redhat-linux/4.8.5/../../../../lib64] ==> [/usr/lib64]
  collapse library dir [/lib/../lib64] ==> [/lib64]
  collapse library dir [/usr/lib/../lib64] ==> [/usr/lib64]
  collapse library dir [/usr/lib/gcc/x86_64-redhat-linux/4.8.5/../../..] ==> [/usr/lib]
  implicit libs: [c]
  implicit dirs: [/usr/lib/gcc/x86_64-redhat-linux/4.8.5;/usr/lib64;/lib64;/usr/lib]
  implicit fwks: []




Detecting C [-std=c11] compiler features compiled with the following output:
Change Dir: /data/jun.zhang/my-udf/over/impala-udf-samples/CMakeFiles/CMakeTmp

Run Build Command:"/usr/bin/gmake" "cmTC_2ddd1/fast"
/usr/bin/gmake -f CMakeFiles/cmTC_2ddd1.dir/build.make CMakeFiles/cmTC_2ddd1.dir/build
gmake[1]: 进入目录“/data/jun.zhang/my-udf/over/impala-udf-samples/CMakeFiles/CMakeTmp”
Building C object CMakeFiles/cmTC_2ddd1.dir/feature_tests.c.o
/usr/bin/cc   -std=c11 -o CMakeFiles/cmTC_2ddd1.dir/feature_tests.c.o   -c /data/jun.zhang/my-udf/over/impala-udf-samples/CMakeFiles/feature_tests.c
Linking C executable cmTC_2ddd1
/data/jun.zhang/impala-2.11.0-cdh5.14.0/toolchain/cmake-3.8.2-p1/bin/cmake -E cmake_link_script CMakeFiles/cmTC_2ddd1.dir/link.txt --verbose=1
/usr/bin/cc      -rdynamic CMakeFiles/cmTC_2ddd1.dir/feature_tests.c.o  -o cmTC_2ddd1 
gmake[1]: 离开目录“/data/jun.zhang/my-udf/over/impala-udf-samples/CMakeFiles/CMakeTmp”


    Feature record: C_FEATURE:1c_function_prototypes
    Feature record: C_FEATURE:1c_restrict
    Feature record: C_FEATURE:1c_static_assert
    Feature record: C_FEATURE:1c_variadic_macros


Detecting C [-std=c99] compiler features compiled with the following output:
Change Dir: /data/jun.zhang/my-udf/over/impala-udf-samples/CMakeFiles/CMakeTmp

Run Build Command:"/usr/bin/gmake" "cmTC_e9331/fast"
/usr/bin/gmake -f CMakeFiles/cmTC_e9331.dir/build.make CMakeFiles/cmTC_e9331.dir/build
gmake[1]: 进入目录“/data/jun.zhang/my-udf/over/impala-udf-samples/CMakeFiles/CMakeTmp”
Building C object CMakeFiles/cmTC_e9331.dir/feature_tests.c.o
/usr/bin/cc   -std=c99 -o CMakeFiles/cmTC_e9331.dir/feature_tests.c.o   -c /data/jun.zhang/my-udf/over/impala-udf-samples/CMakeFiles/feature_tests.c
Linking C executable cmTC_e9331
/data/jun.zhang/impala-2.11.0-cdh5.14.0/toolchain/cmake-3.8.2-p1/bin/cmake -E cmake_link_script CMakeFiles/cmTC_e9331.dir/link.txt --verbose=1
/usr/bin/cc      -rdynamic CMakeFiles/cmTC_e9331.dir/feature_tests.c.o  -o cmTC_e9331 
gmake[1]: 离开目录“/data/jun.zhang/my-udf/over/impala-udf-samples/CMakeFiles/CMakeTmp”


    Feature record: C_FEATURE:1c_function_prototypes
    Feature record: C_FEATURE:1c_restrict
    Feature record: C_FEATURE:0c_static_assert
    Feature record: C_FEATURE:1c_variadic_macros


Detecting C [-std=c90] compiler features compiled with the following output:
Change Dir: /data/jun.zhang/my-udf/over/impala-udf-samples/CMakeFiles/CMakeTmp

Run Build Command:"/usr/bin/gmake" "cmTC_af138/fast"
/usr/bin/gmake -f CMakeFiles/cmTC_af138.dir/build.make CMakeFiles/cmTC_af138.dir/build
gmake[1]: 进入目录“/data/jun.zhang/my-udf/over/impala-udf-samples/CMakeFiles/CMakeTmp”
Building C object CMakeFiles/cmTC_af138.dir/feature_tests.c.o
/usr/bin/cc   -std=c90 -o CMakeFiles/cmTC_af138.dir/feature_tests.c.o   -c /data/jun.zhang/my-udf/over/impala-udf-samples/CMakeFiles/feature_tests.c
Linking C executable cmTC_af138
/data/jun.zhang/impala-2.11.0-cdh5.14.0/toolchain/cmake-3.8.2-p1/bin/cmake -E cmake_link_script CMakeFiles/cmTC_af138.dir/link.txt --verbose=1
/usr/bin/cc      -rdynamic CMakeFiles/cmTC_af138.dir/feature_tests.c.o  -o cmTC_af138 
gmake[1]: 离开目录“/data/jun.zhang/my-udf/over/impala-udf-samples/CMakeFiles/CMakeTmp”


    Feature record: C_FEATURE:1c_function_prototypes
    Feature record: C_FEATURE:0c_restrict
    Feature record: C_FEATURE:0c_static_assert
    Feature record: C_FEATURE:0c_variadic_macros
Determining if the CXX compiler works passed with the following output:
Change Dir: /data/jun.zhang/my-udf/over/impala-udf-samples/CMakeFiles/CMakeTmp

Run Build Command:"/usr/bin/gmake" "cmTC_23ac1/fast"
/usr/bin/gmake -f CMakeFiles/cmTC_23ac1.dir/build.make CMakeFiles/cmTC_23ac1.dir/build
gmake[1]: 进入目录“/data/jun.zhang/my-udf/over/impala-udf-samples/CMakeFiles/CMakeTmp”
Building CXX object CMakeFiles/cmTC_23ac1.dir/testCXXCompiler.cxx.o
/usr/bin/c++     -o CMakeFiles/cmTC_23ac1.dir/testCXXCompiler.cxx.o -c /data/jun.zhang/my-udf/over/impala-udf-samples/CMakeFiles/CMakeTmp/testCXXCompiler.cxx
Linking CXX executable cmTC_23ac1
/data/jun.zhang/impala-2.11.0-cdh5.14.0/toolchain/cmake-3.8.2-p1/bin/cmake -E cmake_link_script CMakeFiles/cmTC_23ac1.dir/link.txt --verbose=1
/usr/bin/c++       -rdynamic CMakeFiles/cmTC_23ac1.dir/testCXXCompiler.cxx.o  -o cmTC_23ac1 
gmake[1]: 离开目录“/data/jun.zhang/my-udf/over/impala-udf-samples/CMakeFiles/CMakeTmp”


Detecting CXX compiler ABI info compiled with the following output:
Change Dir: /data/jun.zhang/my-udf/over/impala-udf-samples/CMakeFiles/CMakeTmp

Run Build Command:"/usr/bin/gmake" "cmTC_b6356/fast"
/usr/bin/gmake -f CMakeFiles/cmTC_b6356.dir/build.make CMakeFiles/cmTC_b6356.dir/build
gmake[1]: 进入目录“/data/jun.zhang/my-udf/over/impala-udf-samples/CMakeFiles/CMakeTmp”
Building CXX object CMakeFiles/cmTC_b6356.dir/CMakeCXXCompilerABI.cpp.o
/usr/bin/c++     -o CMakeFiles/cmTC_b6356.dir/CMakeCXXCompilerABI.cpp.o -c /data/jun.zhang/impala-2.11.0-cdh5.14.0/toolchain/cmake-3.8.2-p1/share/cmake-3.8/Modules/CMakeCXXCompilerABI.cpp
Linking CXX executable cmTC_b6356
/data/jun.zhang/impala-2.11.0-cdh5.14.0/toolchain/cmake-3.8.2-p1/bin/cmake -E cmake_link_script CMakeFiles/cmTC_b6356.dir/link.txt --verbose=1
/usr/bin/c++      -v -rdynamic CMakeFiles/cmTC_b6356.dir/CMakeCXXCompilerABI.cpp.o  -o cmTC_b6356 
使用内建 specs。
COLLECT_GCC=/usr/bin/c++
COLLECT_LTO_WRAPPER=/usr/libexec/gcc/x86_64-redhat-linux/4.8.5/lto-wrapper
目标：x86_64-redhat-linux
配置为：../configure --prefix=/usr --mandir=/usr/share/man --infodir=/usr/share/info --with-bugurl=http://bugzilla.redhat.com/bugzilla --enable-bootstrap --enable-shared --enable-threads=posix --enable-checking=release --with-system-zlib --enable-__cxa_atexit --disable-libunwind-exceptions --enable-gnu-unique-object --enable-linker-build-id --with-linker-hash-style=gnu --enable-languages=c,c++,objc,obj-c++,java,fortran,ada,go,lto --enable-plugin --enable-initfini-array --disable-libgcj --with-isl=/builddir/build/BUILD/gcc-4.8.5-20150702/obj-x86_64-redhat-linux/isl-install --with-cloog=/builddir/build/BUILD/gcc-4.8.5-20150702/obj-x86_64-redhat-linux/cloog-install --enable-gnu-indirect-function --with-tune=generic --with-arch_32=x86-64 --build=x86_64-redhat-linux
线程模型：posix
gcc 版本 4.8.5 20150623 (Red Hat 4.8.5-16) (GCC) 
COMPILER_PATH=/usr/libexec/gcc/x86_64-redhat-linux/4.8.5/:/usr/libexec/gcc/x86_64-redhat-linux/4.8.5/:/usr/libexec/gcc/x86_64-redhat-linux/:/usr/lib/gcc/x86_64-redhat-linux/4.8.5/:/usr/lib/gcc/x86_64-redhat-linux/
LIBRARY_PATH=/usr/lib/gcc/x86_64-redhat-linux/4.8.5/:/usr/lib/gcc/x86_64-redhat-linux/4.8.5/../../../../lib64/:/lib/../lib64/:/usr/lib/../lib64/:/usr/lib/gcc/x86_64-redhat-linux/4.8.5/../../../:/lib/:/usr/lib/
COLLECT_GCC_OPTIONS='-v' '-rdynamic' '-o' 'cmTC_b6356' '-shared-libgcc' '-mtune=generic' '-march=x86-64'
 /usr/libexec/gcc/x86_64-redhat-linux/4.8.5/collect2 --build-id --no-add-needed --eh-frame-hdr --hash-style=gnu -m elf_x86_64 -export-dynamic -dynamic-linker /lib64/ld-linux-x86-64.so.2 -o cmTC_b6356 /usr/lib/gcc/x86_64-redhat-linux/4.8.5/../../../../lib64/crt1.o /usr/lib/gcc/x86_64-redhat-linux/4.8.5/../../../../lib64/crti.o /usr/lib/gcc/x86_64-redhat-linux/4.8.5/crtbegin.o -L/usr/lib/gcc/x86_64-redhat-linux/4.8.5 -L/usr/lib/gcc/x86_64-redhat-linux/4.8.5/../../../../lib64 -L/lib/../lib64 -L/usr/lib/../lib64 -L/usr/lib/gcc/x86_64-redhat-linux/4.8.5/../../.. CMakeFiles/cmTC_b6356.dir/CMakeCXXCompilerABI.cpp.o -lstdc++ -lm -lgcc_s -lgcc -lc -lgcc_s -lgcc /usr/lib/gcc/x86_64-redhat-linux/4.8.5/crtend.o /usr/lib/gcc/x86_64-redhat-linux/4.8.5/../../../../lib64/crtn.o
gmake[1]: 离开目录“/data/jun.zhang/my-udf/over/impala-udf-samples/CMakeFiles/CMakeTmp”


Parsed CXX implicit link information from above output:
  link line regex: [^( *|.*[/\])(ld|([^/\]+-)?ld|collect2)[^/\]*( |$)]
  ignore line: [Change Dir: /data/jun.zhang/my-udf/over/impala-udf-samples/CMakeFiles/CMakeTmp]
  ignore line: []
  ignore line: [Run Build Command:"/usr/bin/gmake" "cmTC_b6356/fast"]
  ignore line: [/usr/bin/gmake -f CMakeFiles/cmTC_b6356.dir/build.make CMakeFiles/cmTC_b6356.dir/build]
  ignore line: [gmake[1]: 进入目录“/data/jun.zhang/my-udf/over/impala-udf-samples/CMakeFiles/CMakeTmp”]
  ignore line: [Building CXX object CMakeFiles/cmTC_b6356.dir/CMakeCXXCompilerABI.cpp.o]
  ignore line: [/usr/bin/c++     -o CMakeFiles/cmTC_b6356.dir/CMakeCXXCompilerABI.cpp.o -c /data/jun.zhang/impala-2.11.0-cdh5.14.0/toolchain/cmake-3.8.2-p1/share/cmake-3.8/Modules/CMakeCXXCompilerABI.cpp]
  ignore line: [Linking CXX executable cmTC_b6356]
  ignore line: [/data/jun.zhang/impala-2.11.0-cdh5.14.0/toolchain/cmake-3.8.2-p1/bin/cmake -E cmake_link_script CMakeFiles/cmTC_b6356.dir/link.txt --verbose=1]
  ignore line: [/usr/bin/c++      -v -rdynamic CMakeFiles/cmTC_b6356.dir/CMakeCXXCompilerABI.cpp.o  -o cmTC_b6356 ]
  ignore line: [使用内建 specs。]
  ignore line: [COLLECT_GCC=/usr/bin/c++]
  ignore line: [COLLECT_LTO_WRAPPER=/usr/libexec/gcc/x86_64-redhat-linux/4.8.5/lto-wrapper]
  ignore line: [目标：x86_64-redhat-linux]
  ignore line: [配置为：../configure --prefix=/usr --mandir=/usr/share/man --infodir=/usr/share/info --with-bugurl=http://bugzilla.redhat.com/bugzilla --enable-bootstrap --enable-shared --enable-threads=posix --enable-checking=release --with-system-zlib --enable-__cxa_atexit --disable-libunwind-exceptions --enable-gnu-unique-object --enable-linker-build-id --with-linker-hash-style=gnu --enable-languages=c,c++,objc,obj-c++,java,fortran,ada,go,lto --enable-plugin --enable-initfini-array --disable-libgcj --with-isl=/builddir/build/BUILD/gcc-4.8.5-20150702/obj-x86_64-redhat-linux/isl-install --with-cloog=/builddir/build/BUILD/gcc-4.8.5-20150702/obj-x86_64-redhat-linux/cloog-install --enable-gnu-indirect-function --with-tune=generic --with-arch_32=x86-64 --build=x86_64-redhat-linux]
  ignore line: [线程模型：posix]
  ignore line: [gcc 版本 4.8.5 20150623 (Red Hat 4.8.5-16) (GCC) ]
  ignore line: [COMPILER_PATH=/usr/libexec/gcc/x86_64-redhat-linux/4.8.5/:/usr/libexec/gcc/x86_64-redhat-linux/4.8.5/:/usr/libexec/gcc/x86_64-redhat-linux/:/usr/lib/gcc/x86_64-redhat-linux/4.8.5/:/usr/lib/gcc/x86_64-redhat-linux/]
  ignore line: [LIBRARY_PATH=/usr/lib/gcc/x86_64-redhat-linux/4.8.5/:/usr/lib/gcc/x86_64-redhat-linux/4.8.5/../../../../lib64/:/lib/../lib64/:/usr/lib/../lib64/:/usr/lib/gcc/x86_64-redhat-linux/4.8.5/../../../:/lib/:/usr/lib/]
  ignore line: [COLLECT_GCC_OPTIONS='-v' '-rdynamic' '-o' 'cmTC_b6356' '-shared-libgcc' '-mtune=generic' '-march=x86-64']
  link line: [ /usr/libexec/gcc/x86_64-redhat-linux/4.8.5/collect2 --build-id --no-add-needed --eh-frame-hdr --hash-style=gnu -m elf_x86_64 -export-dynamic -dynamic-linker /lib64/ld-linux-x86-64.so.2 -o cmTC_b6356 /usr/lib/gcc/x86_64-redhat-linux/4.8.5/../../../../lib64/crt1.o /usr/lib/gcc/x86_64-redhat-linux/4.8.5/../../../../lib64/crti.o /usr/lib/gcc/x86_64-redhat-linux/4.8.5/crtbegin.o -L/usr/lib/gcc/x86_64-redhat-linux/4.8.5 -L/usr/lib/gcc/x86_64-redhat-linux/4.8.5/../../../../lib64 -L/lib/../lib64 -L/usr/lib/../lib64 -L/usr/lib/gcc/x86_64-redhat-linux/4.8.5/../../.. CMakeFiles/cmTC_b6356.dir/CMakeCXXCompilerABI.cpp.o -lstdc++ -lm -lgcc_s -lgcc -lc -lgcc_s -lgcc /usr/lib/gcc/x86_64-redhat-linux/4.8.5/crtend.o /usr/lib/gcc/x86_64-redhat-linux/4.8.5/../../../../lib64/crtn.o]
    arg [/usr/libexec/gcc/x86_64-redhat-linux/4.8.5/collect2] ==> ignore
    arg [--build-id] ==> ignore
    arg [--no-add-needed] ==> ignore
    arg [--eh-frame-hdr] ==> ignore
    arg [--hash-style=gnu] ==> ignore
    arg [-m] ==> ignore
    arg [elf_x86_64] ==> ignore
    arg [-export-dynamic] ==> ignore
    arg [-dynamic-linker] ==> ignore
    arg [/lib64/ld-linux-x86-64.so.2] ==> ignore
    arg [-o] ==> ignore
    arg [cmTC_b6356] ==> ignore
    arg [/usr/lib/gcc/x86_64-redhat-linux/4.8.5/../../../../lib64/crt1.o] ==> ignore
    arg [/usr/lib/gcc/x86_64-redhat-linux/4.8.5/../../../../lib64/crti.o] ==> ignore
    arg [/usr/lib/gcc/x86_64-redhat-linux/4.8.5/crtbegin.o] ==> ignore
    arg [-L/usr/lib/gcc/x86_64-redhat-linux/4.8.5] ==> dir [/usr/lib/gcc/x86_64-redhat-linux/4.8.5]
    arg [-L/usr/lib/gcc/x86_64-redhat-linux/4.8.5/../../../../lib64] ==> dir [/usr/lib/gcc/x86_64-redhat-linux/4.8.5/../../../../lib64]
    arg [-L/lib/../lib64] ==> dir [/lib/../lib64]
    arg [-L/usr/lib/../lib64] ==> dir [/usr/lib/../lib64]
    arg [-L/usr/lib/gcc/x86_64-redhat-linux/4.8.5/../../..] ==> dir [/usr/lib/gcc/x86_64-redhat-linux/4.8.5/../../..]
    arg [CMakeFiles/cmTC_b6356.dir/CMakeCXXCompilerABI.cpp.o] ==> ignore
    arg [-lstdc++] ==> lib [stdc++]
    arg [-lm] ==> lib [m]
    arg [-lgcc_s] ==> lib [gcc_s]
    arg [-lgcc] ==> lib [gcc]
    arg [-lc] ==> lib [c]
    arg [-lgcc_s] ==> lib [gcc_s]
    arg [-lgcc] ==> lib [gcc]
    arg [/usr/lib/gcc/x86_64-redhat-linux/4.8.5/crtend.o] ==> ignore
    arg [/usr/lib/gcc/x86_64-redhat-linux/4.8.5/../../../../lib64/crtn.o] ==> ignore
  remove lib [gcc_s]
  remove lib [gcc]
  remove lib [gcc_s]
  remove lib [gcc]
  collapse library dir [/usr/lib/gcc/x86_64-redhat-linux/4.8.5] ==> [/usr/lib/gcc/x86_64-redhat-linux/4.8.5]
  collapse library dir [/usr/lib/gcc/x86_64-redhat-linux/4.8.5/../../../../lib64] ==> [/usr/lib64]
  collapse library dir [/lib/../lib64] ==> [/lib64]
  collapse library dir [/usr/lib/../lib64] ==> [/usr/lib64]
  collapse library dir [/usr/lib/gcc/x86_64-redhat-linux/4.8.5/../../..] ==> [/usr/lib]
  implicit libs: [stdc++;m;c]
  implicit dirs: [/usr/lib/gcc/x86_64-redhat-linux/4.8.5;/usr/lib64;/lib64;/usr/lib]
  implicit fwks: []




Detecting CXX [-std=c++1y] compiler features compiled with the following output:
Change Dir: /data/jun.zhang/my-udf/over/impala-udf-samples/CMakeFiles/CMakeTmp

Run Build Command:"/usr/bin/gmake" "cmTC_5b1f7/fast"
/usr/bin/gmake -f CMakeFiles/cmTC_5b1f7.dir/build.make CMakeFiles/cmTC_5b1f7.dir/build
gmake[1]: 进入目录“/data/jun.zhang/my-udf/over/impala-udf-samples/CMakeFiles/CMakeTmp”
Building CXX object CMakeFiles/cmTC_5b1f7.dir/feature_tests.cxx.o
/usr/bin/c++    -std=c++1y -o CMakeFiles/cmTC_5b1f7.dir/feature_tests.cxx.o -c /data/jun.zhang/my-udf/over/impala-udf-samples/CMakeFiles/feature_tests.cxx
Linking CXX executable cmTC_5b1f7
/data/jun.zhang/impala-2.11.0-cdh5.14.0/toolchain/cmake-3.8.2-p1/bin/cmake -E cmake_link_script CMakeFiles/cmTC_5b1f7.dir/link.txt --verbose=1
/usr/bin/c++       -rdynamic CMakeFiles/cmTC_5b1f7.dir/feature_tests.cxx.o  -o cmTC_5b1f7 
gmake[1]: 离开目录“/data/jun.zhang/my-udf/over/impala-udf-samples/CMakeFiles/CMakeTmp”


    Feature record: CXX_FEATURE:0cxx_aggregate_default_initializers
    Feature record: CXX_FEATURE:1cxx_alias_templates
    Feature record: CXX_FEATURE:1cxx_alignas
    Feature record: CXX_FEATURE:1cxx_alignof
    Feature record: CXX_FEATURE:1cxx_attributes
    Feature record: CXX_FEATURE:0cxx_attribute_deprecated
    Feature record: CXX_FEATURE:1cxx_auto_type
    Feature record: CXX_FEATURE:0cxx_binary_literals
    Feature record: CXX_FEATURE:1cxx_constexpr
    Feature record: CXX_FEATURE:0cxx_contextual_conversions
    Feature record: CXX_FEATURE:1cxx_decltype
    Feature record: CXX_FEATURE:0cxx_decltype_auto
    Feature record: CXX_FEATURE:1cxx_decltype_incomplete_return_types
    Feature record: CXX_FEATURE:1cxx_default_function_template_args
    Feature record: CXX_FEATURE:1cxx_defaulted_functions
    Feature record: CXX_FEATURE:1cxx_defaulted_move_initializers
    Feature record: CXX_FEATURE:1cxx_delegating_constructors
    Feature record: CXX_FEATURE:1cxx_deleted_functions
    Feature record: CXX_FEATURE:0cxx_digit_separators
    Feature record: CXX_FEATURE:1cxx_enum_forward_declarations
    Feature record: CXX_FEATURE:1cxx_explicit_conversions
    Feature record: CXX_FEATURE:1cxx_extended_friend_declarations
    Feature record: CXX_FEATURE:1cxx_extern_templates
    Feature record: CXX_FEATURE:1cxx_final
    Feature record: CXX_FEATURE:1cxx_func_identifier
    Feature record: CXX_FEATURE:1cxx_generalized_initializers
    Feature record: CXX_FEATURE:0cxx_generic_lambdas
    Feature record: CXX_FEATURE:1cxx_inheriting_constructors
    Feature record: CXX_FEATURE:1cxx_inline_namespaces
    Feature record: CXX_FEATURE:1cxx_lambdas
    Feature record: CXX_FEATURE:0cxx_lambda_init_captures
    Feature record: CXX_FEATURE:1cxx_local_type_template_args
    Feature record: CXX_FEATURE:1cxx_long_long_type
    Feature record: CXX_FEATURE:1cxx_noexcept
    Feature record: CXX_FEATURE:1cxx_nonstatic_member_init
    Feature record: CXX_FEATURE:1cxx_nullptr
    Feature record: CXX_FEATURE:1cxx_override
    Feature record: CXX_FEATURE:1cxx_range_for
    Feature record: CXX_FEATURE:1cxx_raw_string_literals
    Feature record: CXX_FEATURE:1cxx_reference_qualified_functions
    Feature record: CXX_FEATURE:0cxx_relaxed_constexpr
    Feature record: CXX_FEATURE:0cxx_return_type_deduction
    Feature record: CXX_FEATURE:1cxx_right_angle_brackets
    Feature record: CXX_FEATURE:1cxx_rvalue_references
    Feature record: CXX_FEATURE:1cxx_sizeof_member
    Feature record: CXX_FEATURE:1cxx_static_assert
    Feature record: CXX_FEATURE:1cxx_strong_enums
    Feature record: CXX_FEATURE:1cxx_template_template_parameters
    Feature record: CXX_FEATURE:1cxx_thread_local
    Feature record: CXX_FEATURE:1cxx_trailing_return_types
    Feature record: CXX_FEATURE:1cxx_unicode_literals
    Feature record: CXX_FEATURE:1cxx_uniform_initialization
    Feature record: CXX_FEATURE:1cxx_unrestricted_unions
    Feature record: CXX_FEATURE:1cxx_user_literals
    Feature record: CXX_FEATURE:0cxx_variable_templates
    Feature record: CXX_FEATURE:1cxx_variadic_macros
    Feature record: CXX_FEATURE:1cxx_variadic_templates


Detecting CXX [-std=c++11] compiler features compiled with the following output:
Change Dir: /data/jun.zhang/my-udf/over/impala-udf-samples/CMakeFiles/CMakeTmp

Run Build Command:"/usr/bin/gmake" "cmTC_b0bc4/fast"
/usr/bin/gmake -f CMakeFiles/cmTC_b0bc4.dir/build.make CMakeFiles/cmTC_b0bc4.dir/build
gmake[1]: 进入目录“/data/jun.zhang/my-udf/over/impala-udf-samples/CMakeFiles/CMakeTmp”
Building CXX object CMakeFiles/cmTC_b0bc4.dir/feature_tests.cxx.o
/usr/bin/c++    -std=c++11 -o CMakeFiles/cmTC_b0bc4.dir/feature_tests.cxx.o -c /data/jun.zhang/my-udf/over/impala-udf-samples/CMakeFiles/feature_tests.cxx
Linking CXX executable cmTC_b0bc4
/data/jun.zhang/impala-2.11.0-cdh5.14.0/toolchain/cmake-3.8.2-p1/bin/cmake -E cmake_link_script CMakeFiles/cmTC_b0bc4.dir/link.txt --verbose=1
/usr/bin/c++       -rdynamic CMakeFiles/cmTC_b0bc4.dir/feature_tests.cxx.o  -o cmTC_b0bc4 
gmake[1]: 离开目录“/data/jun.zhang/my-udf/over/impala-udf-samples/CMakeFiles/CMakeTmp”


    Feature record: CXX_FEATURE:0cxx_aggregate_default_initializers
    Feature record: CXX_FEATURE:1cxx_alias_templates
    Feature record: CXX_FEATURE:1cxx_alignas
    Feature record: CXX_FEATURE:1cxx_alignof
    Feature record: CXX_FEATURE:1cxx_attributes
    Feature record: CXX_FEATURE:0cxx_attribute_deprecated
    Feature record: CXX_FEATURE:1cxx_auto_type
    Feature record: CXX_FEATURE:0cxx_binary_literals
    Feature record: CXX_FEATURE:1cxx_constexpr
    Feature record: CXX_FEATURE:0cxx_contextual_conversions
    Feature record: CXX_FEATURE:1cxx_decltype
    Feature record: CXX_FEATURE:0cxx_decltype_auto
    Feature record: CXX_FEATURE:1cxx_decltype_incomplete_return_types
    Feature record: CXX_FEATURE:1cxx_default_function_template_args
    Feature record: CXX_FEATURE:1cxx_defaulted_functions
    Feature record: CXX_FEATURE:1cxx_defaulted_move_initializers
    Feature record: CXX_FEATURE:1cxx_delegating_constructors
    Feature record: CXX_FEATURE:1cxx_deleted_functions
    Feature record: CXX_FEATURE:0cxx_digit_separators
    Feature record: CXX_FEATURE:1cxx_enum_forward_declarations
    Feature record: CXX_FEATURE:1cxx_explicit_conversions
    Feature record: CXX_FEATURE:1cxx_extended_friend_declarations
    Feature record: CXX_FEATURE:1cxx_extern_templates
    Feature record: CXX_FEATURE:1cxx_final
    Feature record: CXX_FEATURE:1cxx_func_identifier
    Feature record: CXX_FEATURE:1cxx_generalized_initializers
    Feature record: CXX_FEATURE:0cxx_generic_lambdas
    Feature record: CXX_FEATURE:1cxx_inheriting_constructors
    Feature record: CXX_FEATURE:1cxx_inline_namespaces
    Feature record: CXX_FEATURE:1cxx_lambdas
    Feature record: CXX_FEATURE:0cxx_lambda_init_captures
    Feature record: CXX_FEATURE:1cxx_local_type_template_args
    Feature record: CXX_FEATURE:1cxx_long_long_type
    Feature record: CXX_FEATURE:1cxx_noexcept
    Feature record: CXX_FEATURE:1cxx_nonstatic_member_init
    Feature record: CXX_FEATURE:1cxx_nullptr
    Feature record: CXX_FEATURE:1cxx_override
    Feature record: CXX_FEATURE:1cxx_range_for
    Feature record: CXX_FEATURE:1cxx_raw_string_literals
    Feature record: CXX_FEATURE:1cxx_reference_qualified_functions
    Feature record: CXX_FEATURE:0cxx_relaxed_constexpr
    Feature record: CXX_FEATURE:0cxx_return_type_deduction
    Feature record: CXX_FEATURE:1cxx_right_angle_brackets
    Feature record: CXX_FEATURE:1cxx_rvalue_references
    Feature record: CXX_FEATURE:1cxx_sizeof_member
    Feature record: CXX_FEATURE:1cxx_static_assert
    Feature record: CXX_FEATURE:1cxx_strong_enums
    Feature record: CXX_FEATURE:1cxx_template_template_parameters
    Feature record: CXX_FEATURE:1cxx_thread_local
    Feature record: CXX_FEATURE:1cxx_trailing_return_types
    Feature record: CXX_FEATURE:1cxx_unicode_literals
    Feature record: CXX_FEATURE:1cxx_uniform_initialization
    Feature record: CXX_FEATURE:1cxx_unrestricted_unions
    Feature record: CXX_FEATURE:1cxx_user_literals
    Feature record: CXX_FEATURE:0cxx_variable_templates
    Feature record: CXX_FEATURE:1cxx_variadic_macros
    Feature record: CXX_FEATURE:1cxx_variadic_templates


Detecting CXX [-std=c++98] compiler features compiled with the following output:
Change Dir: /data/jun.zhang/my-udf/over/impala-udf-samples/CMakeFiles/CMakeTmp

Run Build Command:"/usr/bin/gmake" "cmTC_f203e/fast"
/usr/bin/gmake -f CMakeFiles/cmTC_f203e.dir/build.make CMakeFiles/cmTC_f203e.dir/build
gmake[1]: 进入目录“/data/jun.zhang/my-udf/over/impala-udf-samples/CMakeFiles/CMakeTmp”
Building CXX object CMakeFiles/cmTC_f203e.dir/feature_tests.cxx.o
/usr/bin/c++    -std=c++98 -o CMakeFiles/cmTC_f203e.dir/feature_tests.cxx.o -c /data/jun.zhang/my-udf/over/impala-udf-samples/CMakeFiles/feature_tests.cxx
Linking CXX executable cmTC_f203e
/data/jun.zhang/impala-2.11.0-cdh5.14.0/toolchain/cmake-3.8.2-p1/bin/cmake -E cmake_link_script CMakeFiles/cmTC_f203e.dir/link.txt --verbose=1
/usr/bin/c++       -rdynamic CMakeFiles/cmTC_f203e.dir/feature_tests.cxx.o  -o cmTC_f203e 
gmake[1]: 离开目录“/data/jun.zhang/my-udf/over/impala-udf-samples/CMakeFiles/CMakeTmp”


    Feature record: CXX_FEATURE:0cxx_aggregate_default_initializers
    Feature record: CXX_FEATURE:0cxx_alias_templates
    Feature record: CXX_FEATURE:0cxx_alignas
    Feature record: CXX_FEATURE:0cxx_alignof
    Feature record: CXX_FEATURE:0cxx_attributes
    Feature record: CXX_FEATURE:0cxx_attribute_deprecated
    Feature record: CXX_FEATURE:0cxx_auto_type
    Feature record: CXX_FEATURE:0cxx_binary_literals
    Feature record: CXX_FEATURE:0cxx_constexpr
    Feature record: CXX_FEATURE:0cxx_contextual_conversions
    Feature record: CXX_FEATURE:0cxx_decltype
    Feature record: CXX_FEATURE:0cxx_decltype_auto
    Feature record: CXX_FEATURE:0cxx_decltype_incomplete_return_types
    Feature record: CXX_FEATURE:0cxx_default_function_template_args
    Feature record: CXX_FEATURE:0cxx_defaulted_functions
    Feature record: CXX_FEATURE:0cxx_defaulted_move_initializers
    Feature record: CXX_FEATURE:0cxx_delegating_constructors
    Feature record: CXX_FEATURE:0cxx_deleted_functions
    Feature record: CXX_FEATURE:0cxx_digit_separators
    Feature record: CXX_FEATURE:0cxx_enum_forward_declarations
    Feature record: CXX_FEATURE:0cxx_explicit_conversions
    Feature record: CXX_FEATURE:0cxx_extended_friend_declarations
    Feature record: CXX_FEATURE:0cxx_extern_templates
    Feature record: CXX_FEATURE:0cxx_final
    Feature record: CXX_FEATURE:0cxx_func_identifier
    Feature record: CXX_FEATURE:0cxx_generalized_initializers
    Feature record: CXX_FEATURE:0cxx_generic_lambdas
    Feature record: CXX_FEATURE:0cxx_inheriting_constructors
    Feature record: CXX_FEATURE:0cxx_inline_namespaces
    Feature record: CXX_FEATURE:0cxx_lambdas
    Feature record: CXX_FEATURE:0cxx_lambda_init_captures
    Feature record: CXX_FEATURE:0cxx_local_type_template_args
    Feature record: CXX_FEATURE:0cxx_long_long_type
    Feature record: CXX_FEATURE:0cxx_noexcept
    Feature record: CXX_FEATURE:0cxx_nonstatic_member_init
    Feature record: CXX_FEATURE:0cxx_nullptr
    Feature record: CXX_FEATURE:0cxx_override
    Feature record: CXX_FEATURE:0cxx_range_for
    Feature record: CXX_FEATURE:0cxx_raw_string_literals
    Feature record: CXX_FEATURE:0cxx_reference_qualified_functions
    Feature record: CXX_FEATURE:0cxx_relaxed_constexpr
    Feature record: CXX_FEATURE:0cxx_return_type_deduction
    Feature record: CXX_FEATURE:0cxx_right_angle_brackets
    Feature record: CXX_FEATURE:0cxx_rvalue_references
    Feature record: CXX_FEATURE:0cxx_sizeof_member
    Feature record: CXX_FEATURE:0cxx_static_assert
    Feature record: CXX_FEATURE:0cxx_strong_enums
    Feature record: CXX_FEATURE:1cxx_template_template_parameters
    Feature record: CXX_FEATURE:0cxx_thread_local
    Feature record: CXX_FEATURE:0cxx_trailing_return_types
    Feature record: CXX_FEATURE:0cxx_unicode_literals
    Feature record: CXX_FEATURE:0cxx_uniform_initialization
    Feature record: CXX_FEATURE:0cxx_unrestricted_unions
    Feature record: CXX_FEATURE:0cxx_user_literals
    Feature record: CXX_FEATURE:0cxx_variable_templates
    Feature record: CXX_FEATURE:0cxx_variadic_macros
    Feature record: CXX_FEATURE:0cxx_variadic_templates
